; memory-size: 16384 bytes, (00004000 hex)
;
004154e0: 00403087 15 62 41 00   ; JMP 00416215
004154e8: 00000000 00000000
004154f0: 00000000 00000000 00000000 00000000
00415500: 00000000 00000000 00000000 00000000
00415510: 00000000 00000000 00000000 00000000
;
;
00415520: 00 00 00 00            ; PREV: 00000000
00415524: 3d 55 41 00 02         ; NEXT: 0041553d, flags: 02
00415529: 06 28 48 45 52 45 29 00 ; LEN: 6, NAME: (HERE)
00415531: 00402f85 00414b84      ; LITERAL $00414b84, #4279172
00415539: 0040313c               ; RET
;
0041553d: 20 55 41 00            ; PREV: 00415520
00415541: 5a 55 41 00 02         ; NEXT: 0041555a, flags: 02
00415546: 06 28 4c 41 53 54 29 00 ; LEN: 6, NAME: (LAST)
0041554e: 00402f85 00414b88      ; LITERAL $00414b88, #4279176
00415556: 0040313c               ; RET
;
0041555a: 3d 55 41 00            ; PREV: 0041553d
0041555e: 75 55 41 00 02         ; NEXT: 00415575, flags: 02
00415563: 04 42 41 53 45 00      ; LEN: 4, NAME: BASE
00415569: 00402f85 00414ca0      ; LITERAL $00414ca0, #4279456
00415571: 0040313c               ; RET
;
00415575: 5a 55 41 00            ; PREV: 0041555a
00415579: 91 55 41 00 02         ; NEXT: 00415591, flags: 02
0041557e: 05 53 54 41 54 45 00   ; LEN: 5, NAME: STATE
00415585: 00402f85 00414b80      ; LITERAL $00414b80, #4279168
0041558d: 0040313c               ; RET
;
00415591: 75 55 41 00            ; PREV: 00415575
00415595: a9 55 41 00 02         ; NEXT: 004155a9, flags: 02
0041559a: 04 43 45 4c 4c 00      ; LEN: 4, NAME: CELL
004155a0: 004031d9 04            ; CLITERAL $04, #4
004155a5: 0040313c               ; RET
;
004155a9: 91 55 41 00            ; PREV: 00415591
004155ad: c8 55 41 00 00         ; NEXT: 004155c8, flags: 00
004155b2: 04 48 45 52 45 00      ; LEN: 4, NAME: HERE
004155b8: 00402f85 00414b84      ; LITERAL $00414b84, #4279172
004155c0: 00402fb4               ; FETCH
004155c4: 0040313c               ; RET
;
004155c8: a9 55 41 00            ; PREV: 004155a9
004155cc: 01 56 41 00 00         ; NEXT: 00415601, flags: 00
004155d1: 02 43 2c 00            ; LEN: 2, NAME: C,
004155d5: 00403117 004155b8      ; CALL 004155b8
004155dd: 0040321e               ; CSTORE
004155e1: 00403117 00415531      ; CALL 00415531
004155e9: 00403036               ; DUP
004155ed: 00402fb4               ; FETCH
004155f1: 00403963               ; INC
004155f5: 00402fee               ; SWAP
004155f9: 00402fc6               ; STORE
004155fd: 0040313c               ; RET
;
00415601: c8 55 41 00            ; PREV: 004155c8
00415605: 3e 56 41 00 00         ; NEXT: 0041563e, flags: 00
0041560a: 01 2c 00               ; LEN: 1, NAME: ,
0041560d: 00403117 004155b8      ; CALL 004155b8
00415615: 00402fc6               ; STORE
00415619: 00403117 00415531      ; CALL 00415531
00415621: 00403036               ; DUP
00415625: 00402fb4               ; FETCH
00415629: 004031d9 04            ; CLITERAL $04, #4
0041562e: 00403245               ; ADD
00415632: 00402fee               ; SWAP
00415636: 00402fc6               ; STORE
0041563a: 0040313c               ; RET
;
0041563e: 01 56 41 00            ; PREV: 00415601
00415642: 5d 56 41 00 00         ; NEXT: 0041565d, flags: 00
00415647: 04 4c 41 53 54 00      ; LEN: 4, NAME: LAST
0041564d: 00402f85 00414b88      ; LITERAL $00414b88, #4279176
00415655: 00402fb4               ; FETCH
00415659: 0040313c               ; RET
;
0041565d: 3e 56 41 00            ; PREV: 0041563e
00415661: 83 56 41 00 04         ; NEXT: 00415683, flags: 04
00415666: 07 4c 49 54 45 52 41 4c 00 ; LEN: 7, NAME: LITERAL
0041566f: 00402f85 00402f85      ; LITERAL $00402f85, #4206469
00415677: 00403117 0041560d      ; CALL 0041560d
0041567f: 0040313c               ; RET
;
00415683: 5d 56 41 00            ; PREV: 0041565d
00415687: 97 56 41 00 02         ; NEXT: 00415697, flags: 02
0041568c: 01 40 00               ; LEN: 1, NAME: @
0041568f: 00402fb4               ; FETCH
00415693: 0040313c               ; RET
;
00415697: 83 56 41 00            ; PREV: 00415683
0041569b: ab 56 41 00 02         ; NEXT: 004156ab, flags: 02
004156a0: 01 21 00               ; LEN: 1, NAME: !
004156a3: 00402fc6               ; STORE
004156a7: 0040313c               ; RET
;
004156ab: 97 56 41 00            ; PREV: 00415697
004156af: c2 56 41 00 02         ; NEXT: 004156c2, flags: 02
004156b4: 04 53 57 41 50 00      ; LEN: 4, NAME: SWAP
004156ba: 00402fee               ; SWAP
004156be: 0040313c               ; RET
;
004156c2: ab 56 41 00            ; PREV: 004156ab
004156c6: d9 56 41 00 02         ; NEXT: 004156d9, flags: 02
004156cb: 04 44 52 4f 50 00      ; LEN: 4, NAME: DROP
004156d1: 0040301b               ; DROP
004156d5: 0040313c               ; RET
;
004156d9: c2 56 41 00            ; PREV: 004156c2
004156dd: ef 56 41 00 02         ; NEXT: 004156ef, flags: 02
004156e2: 03 44 55 50 00         ; LEN: 3, NAME: DUP
004156e7: 00403036               ; DUP
004156eb: 0040313c               ; RET
;
004156ef: d9 56 41 00            ; PREV: 004156d9
004156f3: 10 57 41 00 01         ; NEXT: 00415710, flags: 01
004156f8: 02 53 22 00            ; LEN: 2, NAME: S"
004156fc: 00402f85 0040304c      ; LITERAL $0040304c, #4206668
00415704: 00403117 0041560d      ; CALL 0041560d
0041570c: 0040313c               ; RET
;
00415710: ef 56 41 00            ; PREV: 004156ef
00415714: 32 57 41 00 04         ; NEXT: 00415732, flags: 04
00415719: 03 4a 4d 50 00         ; LEN: 3, NAME: JMP
0041571e: 00402f85 00403087      ; LITERAL $00403087, #4206727
00415726: 00403117 0041560d      ; CALL 0041560d
0041572e: 0040313c               ; RET
;
00415732: 10 57 41 00            ; PREV: 00415710
00415736: 55 57 41 00 04         ; NEXT: 00415755, flags: 04
0041573b: 04 4a 4d 50 5a 00      ; LEN: 4, NAME: JMPZ
00415741: 00402f85 00403099      ; LITERAL $00403099, #4206745
00415749: 00403117 0041560d      ; CALL 0041560d
00415751: 0040313c               ; RET
;
00415755: 32 57 41 00            ; PREV: 00415732
00415759: 79 57 41 00 04         ; NEXT: 00415779, flags: 04
0041575e: 05 4a 4d 50 4e 5a 00   ; LEN: 5, NAME: JMPNZ
00415765: 00402f85 004030d8      ; LITERAL $004030d8, #4206808
0041576d: 00403117 0041560d      ; CALL 0041560d
00415775: 0040313c               ; RET
;
00415779: 55 57 41 00            ; PREV: 00415755
0041577d: 9c 57 41 00 04         ; NEXT: 0041579c, flags: 04
00415782: 04 43 41 4c 4c 00      ; LEN: 4, NAME: CALL
00415788: 00402f85 00403117      ; LITERAL $00403117, #4206871
00415790: 00403117 0041560d      ; CALL 0041560d
00415798: 0040313c               ; RET
;
0041579c: 79 57 41 00            ; PREV: 00415779
004157a0: bc 57 41 00 01         ; NEXT: 004157bc, flags: 01
004157a5: 01 3b 00               ; LEN: 1, NAME: ;
004157a8: 00402f85 0040313c      ; LITERAL $0040313c, #4206908
004157b0: 00403117 0041560d      ; CALL 0041560d
004157b8: 0040313c               ; RET
;
004157bc: 9c 57 41 00            ; PREV: 0041579c
004157c0: de 57 41 00 04         ; NEXT: 004157de, flags: 04
004157c5: 03 52 45 54 00         ; LEN: 3, NAME: RET
004157ca: 00402f85 0040313c      ; LITERAL $0040313c, #4206908
004157d2: 00403117 0041560d      ; CALL 0041560d
004157da: 0040313c               ; RET
;
004157de: bc 57 41 00            ; PREV: 004157bc
004157e2: f3 57 41 00 02         ; NEXT: 004157f3, flags: 02
004157e7: 02 4f 52 00            ; LEN: 2, NAME: OR
004157eb: 00403195               ; OR
004157ef: 0040313c               ; RET
;
004157f3: de 57 41 00            ; PREV: 004157de
004157f7: 1a 58 41 00 04         ; NEXT: 0041581a, flags: 04
004157fc: 08 43 4c 49 54 45 52 41 4c 00 ; LEN: 8, NAME: CLITERAL
00415806: 00402f85 004031d9      ; LITERAL $004031d9, #4207065
0041580e: 00403117 0041560d      ; CALL 0041560d
00415816: 0040313c               ; RET
;
0041581a: f3 57 41 00            ; PREV: 004157f3
0041581e: 2f 58 41 00 02         ; NEXT: 0041582f, flags: 02
00415823: 02 43 40 00            ; LEN: 2, NAME: C@
00415827: 00403208               ; CFETCH
0041582b: 0040313c               ; RET
;
0041582f: 1a 58 41 00            ; PREV: 0041581a
00415833: 44 58 41 00 02         ; NEXT: 00415844, flags: 02
00415838: 02 43 21 00            ; LEN: 2, NAME: C!
0041583c: 0040321e               ; CSTORE
00415840: 0040313c               ; RET
;
00415844: 2f 58 41 00            ; PREV: 0041582f
00415848: 58 58 41 00 02         ; NEXT: 00415858, flags: 02
0041584d: 01 2b 00               ; LEN: 1, NAME: +
00415850: 00403245               ; ADD
00415854: 0040313c               ; RET
;
00415858: 44 58 41 00            ; PREV: 00415844
0041585c: 6c 58 41 00 02         ; NEXT: 0041586c, flags: 02
00415861: 01 2d 00               ; LEN: 1, NAME: -
00415864: 00403267               ; SUB
00415868: 0040313c               ; RET
;
0041586c: 58 58 41 00            ; PREV: 00415858
00415870: 80 58 41 00 02         ; NEXT: 00415880, flags: 02
00415875: 01 2a 00               ; LEN: 1, NAME: *
00415878: 0040328b               ; MUL
0041587c: 0040313c               ; RET
;
00415880: 6c 58 41 00            ; PREV: 0041586c
00415884: 94 58 41 00 02         ; NEXT: 00415894, flags: 02
00415889: 01 2f 00               ; LEN: 1, NAME: /
0041588c: 004032ae               ; DIV
00415890: 0040313c               ; RET
;
00415894: 80 58 41 00            ; PREV: 00415880
00415898: a8 58 41 00 02         ; NEXT: 004158a8, flags: 02
0041589d: 01 3c 00               ; LEN: 1, NAME: <
004158a0: 004032f4               ; LT
004158a4: 0040313c               ; RET
;
004158a8: 94 58 41 00            ; PREV: 00415894
004158ac: bc 58 41 00 02         ; NEXT: 004158bc, flags: 02
004158b1: 01 3d 00               ; LEN: 1, NAME: =
004158b4: 0040331c               ; EQ
004158b8: 0040313c               ; RET
;
004158bc: a8 58 41 00            ; PREV: 004158a8
004158c0: d0 58 41 00 02         ; NEXT: 004158d0, flags: 02
004158c5: 01 3e 00               ; LEN: 1, NAME: >
004158c8: 00403344               ; GT
004158cc: 0040313c               ; RET
;
004158d0: bc 58 41 00            ; PREV: 004158bc
004158d4: e8 58 41 00 00         ; NEXT: 004158e8, flags: 00
004158d9: 05 44 49 43 54 50 00   ; LEN: 5, NAME: DICTP
004158e0: 0040336c 3c 31 40 00   ; DICTP
;
004158e8: d0 58 41 00            ; PREV: 004158d0
004158ec: ff 58 41 00 02         ; NEXT: 004158ff, flags: 02
004158f1: 04 45 4d 49 54 00      ; LEN: 4, NAME: EMIT
004158f7: 0040338b               ; EMIT
004158fb: 0040313c               ; RET
;
004158ff: e8 58 41 00            ; PREV: 004158e8
00415903: 16 59 41 00 02         ; NEXT: 00415916, flags: 02
00415908: 04 4f 56 45 52 00      ; LEN: 4, NAME: OVER
0041590e: 004033c0               ; OVER
00415912: 0040313c               ; RET
;
00415916: ff 58 41 00            ; PREV: 004158ff
0041591a: 30 59 41 00 02         ; NEXT: 00415930, flags: 02
0041591f: 07 43 4f 4d 50 41 52 45 00 ; LEN: 7, NAME: COMPARE
00415928: 004033d6               ; COMPARE
0041592c: 0040313c               ; RET
;
00415930: 16 59 41 00            ; PREV: 00415916
00415934: 48 59 41 00 02         ; NEXT: 00415948, flags: 02
00415939: 05 46 4f 50 45 4e 00   ; LEN: 5, NAME: FOPEN
00415940: 0040343b               ; FOPEN
00415944: 0040313c               ; RET
;
00415948: 30 59 41 00            ; PREV: 00415930
0041594c: 60 59 41 00 02         ; NEXT: 00415960, flags: 02
00415951: 05 46 52 45 41 44 00   ; LEN: 5, NAME: FREAD
00415958: 004034fe               ; FREAD
0041595c: 0040313c               ; RET
;
00415960: 48 59 41 00            ; PREV: 00415948
00415964: 7c 59 41 00 02         ; NEXT: 0041597c, flags: 02
00415969: 09 46 52 45 41 44 4c 49 4e 45 00 ; LEN: 9, NAME: FREADLINE
00415974: 00403585               ; FREADLINE
00415978: 0040313c               ; RET
;
0041597c: 60 59 41 00            ; PREV: 00415960
00415980: 95 59 41 00 02         ; NEXT: 00415995, flags: 02
00415985: 06 46 57 52 49 54 45 00 ; LEN: 6, NAME: FWRITE
0041598d: 004036c5               ; FWRITE
00415991: 0040313c               ; RET
;
00415995: 7c 59 41 00            ; PREV: 0041597c
00415999: ae 59 41 00 02         ; NEXT: 004159ae, flags: 02
0041599e: 06 46 43 4c 4f 53 45 00 ; LEN: 6, NAME: FCLOSE
004159a6: 00403744               ; FCLOSE
004159aa: 0040313c               ; RET
;
004159ae: 95 59 41 00            ; PREV: 00415995
004159b2: c3 59 41 00 02         ; NEXT: 004159c3, flags: 02
004159b7: 02 3e 52 00            ; LEN: 2, NAME: >R
004159bb: 00403779               ; DTOR
004159bf: 0040313c               ; RET
;
004159c3: ae 59 41 00            ; PREV: 004159ae
004159c7: d8 59 41 00 02         ; NEXT: 004159d8, flags: 02
004159cc: 02 52 3e 00            ; LEN: 2, NAME: R>
004159d0: 0040378f               ; RTOD
004159d4: 0040313c               ; RET
;
004159d8: c3 59 41 00            ; PREV: 004159c3
004159dc: f3 59 41 00 02         ; NEXT: 004159f3, flags: 02
004159e1: 08 4c 4f 47 4c 45 56 45 4c 00 ; LEN: 8, NAME: LOGLEVEL
004159eb: 004037e4               ; LOGLEVEL
004159ef: 0040313c               ; RET
;
004159f3: d8 59 41 00            ; PREV: 004159d8
004159f7: 09 5a 41 00 02         ; NEXT: 00415a09, flags: 02
004159fc: 03 41 4e 44 00         ; LEN: 3, NAME: AND
00415a01: 004037fe               ; AND
00415a05: 0040313c               ; RET
;
00415a09: f3 59 41 00            ; PREV: 004159f3
00415a0d: 20 5a 41 00 02         ; NEXT: 00415a20, flags: 02
00415a12: 04 50 49 43 4b 00      ; LEN: 4, NAME: PICK
00415a18: 00403820               ; PICK
00415a1c: 0040313c               ; RET
;
00415a20: 09 5a 41 00            ; PREV: 00415a09
00415a24: 38 5a 41 00 02         ; NEXT: 00415a38, flags: 02
00415a29: 05 44 45 50 54 48 00   ; LEN: 5, NAME: DEPTH
00415a30: 00403858               ; DEPTH
00415a34: 0040313c               ; RET
;
00415a38: 20 5a 41 00            ; PREV: 00415a20
00415a3c: 50 5a 41 00 02         ; NEXT: 00415a50, flags: 02
00415a41: 05 47 45 54 43 48 00   ; LEN: 5, NAME: GETCH
00415a48: 00403881               ; GETCH
00415a4c: 0040313c               ; RET
;
00415a50: 38 5a 41 00            ; PREV: 00415a38
00415a54: 6b 5a 41 00 02         ; NEXT: 00415a6b, flags: 02
00415a59: 08 43 4f 4d 50 41 52 45 49 00 ; LEN: 8, NAME: COMPAREI
00415a63: 00403897               ; COMPAREI
00415a67: 0040313c               ; RET
;
00415a6b: 50 5a 41 00            ; PREV: 00415a50
00415a6f: 82 5a 41 00 02         ; NEXT: 00415a82, flags: 02
00415a74: 04 2f 4d 4f 44 00      ; LEN: 4, NAME: /MOD
00415a7a: 004038f0               ; SLASHMOD
00415a7e: 0040313c               ; RET
;
00415a82: 6b 5a 41 00            ; PREV: 00415a6b
00415a86: 98 5a 41 00 02         ; NEXT: 00415a98, flags: 02
00415a8b: 03 4e 4f 54 00         ; LEN: 3, NAME: NOT
00415a90: 00403943               ; NOT
00415a94: 0040313c               ; RET
;
00415a98: 82 5a 41 00            ; PREV: 00415a82
00415a9c: ad 5a 41 00 02         ; NEXT: 00415aad, flags: 02
00415aa1: 02 52 40 00            ; LEN: 2, NAME: R@
00415aa5: 004037a5               ; RFETCH
00415aa9: 0040313c               ; RET
;
00415aad: 98 5a 41 00            ; PREV: 00415a98
00415ab1: c2 5a 41 00 02         ; NEXT: 00415ac2, flags: 02
00415ab6: 02 31 2b 00            ; LEN: 2, NAME: 1+
00415aba: 00403963               ; INC
00415abe: 0040313c               ; RET
;
00415ac2: ad 5a 41 00            ; PREV: 00415aad
00415ac6: db 5a 41 00 02         ; NEXT: 00415adb, flags: 02
00415acb: 06 52 44 45 50 54 48 00 ; LEN: 6, NAME: RDEPTH
00415ad3: 00403858               ; DEPTH
00415ad7: 0040313c               ; RET
;
00415adb: c2 5a 41 00            ; PREV: 00415ac2
00415adf: f0 5a 41 00 02         ; NEXT: 00415af0, flags: 02
00415ae4: 02 31 2d 00            ; LEN: 2, NAME: 1-
00415ae8: 0040398c               ; DEC
00415aec: 0040313c               ; RET
;
00415af0: db 5a 41 00            ; PREV: 00415adb
00415af4: 0a 5b 41 00 02         ; NEXT: 00415b0a, flags: 02
00415af9: 07 47 45 54 54 49 43 4b 00 ; LEN: 7, NAME: GETTICK
00415b02: 0040399f               ; GETTICK
00415b06: 0040313c               ; RET
;
00415b0a: f0 5a 41 00            ; PREV: 00415af0
00415b0e: 1f 5b 41 00 02         ; NEXT: 00415b1f, flags: 02
00415b13: 02 3c 3c 00            ; LEN: 2, NAME: <<
00415b17: 004039bf               ; SHIFTLEFT
00415b1b: 0040313c               ; RET
;
00415b1f: 0a 5b 41 00            ; PREV: 00415b0a
00415b23: 34 5b 41 00 02         ; NEXT: 00415b34, flags: 02
00415b28: 02 3e 3e 00            ; LEN: 2, NAME: >>
00415b2c: 004039e8               ; SHIFTRIGHT
00415b30: 0040313c               ; RET
;
00415b34: 1f 5b 41 00            ; PREV: 00415b1f
00415b38: 49 5b 41 00 02         ; NEXT: 00415b49, flags: 02
00415b3d: 02 2b 21 00            ; LEN: 2, NAME: +!
00415b41: 00403a11               ; PLUSSTORE
00415b45: 0040313c               ; RET
;
00415b49: 34 5b 41 00            ; PREV: 00415b34
00415b4d: 6f 5b 41 00 04         ; NEXT: 00415b6f, flags: 04
00415b52: 07 42 52 41 4e 43 48 46 00 ; LEN: 7, NAME: BRANCHF
00415b5b: 00402f85 00403a57      ; LITERAL $00403a57, #4209239
00415b63: 00403117 0041560d      ; CALL 0041560d
00415b6b: 0040313c               ; RET
;
00415b6f: 49 5b 41 00            ; PREV: 00415b49
00415b73: 96 5b 41 00 04         ; NEXT: 00415b96, flags: 04
00415b78: 08 42 52 41 4e 43 48 46 5a 00 ; LEN: 8, NAME: BRANCHFZ
00415b82: 00402f85 00403a7f      ; LITERAL $00403a7f, #4209279
00415b8a: 00403117 0041560d      ; CALL 0041560d
00415b92: 0040313c               ; RET
;
00415b96: 6f 5b 41 00            ; PREV: 00415b6f
00415b9a: be 5b 41 00 04         ; NEXT: 00415bbe, flags: 04
00415b9f: 09 42 52 41 4e 43 48 46 4e 5a 00 ; LEN: 9, NAME: BRANCHFNZ
00415baa: 00402f85 00403ac9      ; LITERAL $00403ac9, #4209353
00415bb2: 00403117 0041560d      ; CALL 0041560d
00415bba: 0040313c               ; RET
;
00415bbe: 96 5b 41 00            ; PREV: 00415b96
00415bc2: e4 5b 41 00 04         ; NEXT: 00415be4, flags: 04
00415bc7: 07 42 52 41 4e 43 48 42 00 ; LEN: 7, NAME: BRANCHB
00415bd0: 00402f85 00403b13      ; LITERAL $00403b13, #4209427
00415bd8: 00403117 0041560d      ; CALL 0041560d
00415be0: 0040313c               ; RET
;
00415be4: be 5b 41 00            ; PREV: 00415bbe
00415be8: 0b 5c 41 00 04         ; NEXT: 00415c0b, flags: 04
00415bed: 08 42 52 41 4e 43 48 42 5a 00 ; LEN: 8, NAME: BRANCHBZ
00415bf7: 00402f85 00403a7f      ; LITERAL $00403a7f, #4209279
00415bff: 00403117 0041560d      ; CALL 0041560d
00415c07: 0040313c               ; RET
;
00415c0b: e4 5b 41 00            ; PREV: 00415be4
00415c0f: 33 5c 41 00 04         ; NEXT: 00415c33, flags: 04
00415c14: 09 42 52 41 4e 43 48 42 4e 5a 00 ; LEN: 9, NAME: BRANCHBNZ
00415c1f: 00402f85 00403b81      ; LITERAL $00403b81, #4209537
00415c27: 00403117 0041560d      ; CALL 0041560d
00415c2f: 0040313c               ; RET
;
00415c33: 0b 5c 41 00            ; PREV: 00415c0b
00415c37: 49 5c 41 00 02         ; NEXT: 00415c49, flags: 02
00415c3c: 03 4e 4f 50 00         ; LEN: 3, NAME: NOP
00415c41: 00403c63               ; NOP
00415c45: 0040313c               ; RET
;
00415c49: 33 5c 41 00            ; PREV: 00415c33
00415c4d: 61 5c 41 00 02         ; NEXT: 00415c61, flags: 02
00415c52: 05 42 52 45 41 4b 00   ; LEN: 5, NAME: BREAK
00415c59: 00403c69               ; BREAK
00415c5d: 0040313c               ; RET
;
00415c61: 49 5c 41 00            ; PREV: 00415c49
00415c65: 79 5c 41 00 02         ; NEXT: 00415c79, flags: 02
00415c6a: 05 52 45 53 45 54 00   ; LEN: 5, NAME: RESET
00415c71: 00403c6f               ; RESET
00415c75: 0040313c               ; RET
;
00415c79: 61 5c 41 00            ; PREV: 00415c61
00415c7d: 8f 5c 41 00 02         ; NEXT: 00415c8f, flags: 02
00415c82: 03 42 59 45 00         ; LEN: 3, NAME: BYE
00415c87: 00403c7d               ; BYE
00415c8b: 0040313c               ; RET
;
00415c8f: 79 5c 41 00            ; PREV: 00415c79
00415c93: a8 5c 41 00 02         ; NEXT: 00415ca8, flags: 02
00415c98: 06 44 42 47 44 4f 54 00 ; LEN: 6, NAME: DBGDOT
00415ca0: 00403bc9               ; DBGDOT
00415ca4: 0040313c               ; RET
;
00415ca8: 8f 5c 41 00            ; PREV: 00415c8f
00415cac: c2 5c 41 00 02         ; NEXT: 00415cc2, flags: 02
00415cb1: 07 44 42 47 44 4f 54 53 00 ; LEN: 7, NAME: DBGDOTS
00415cba: 00403bf1               ; RESET
00415cbe: 0040313c               ; RET
;
00415cc2: a8 5c 41 00            ; PREV: 00415ca8
00415cc6: df 5c 41 00 02         ; NEXT: 00415cdf, flags: 02
00415ccb: 05 43 45 4c 4c 53 00   ; LEN: 5, NAME: CELLS
00415cd2: 004031d9 04            ; CLITERAL $04, #4
00415cd7: 0040328b               ; MUL
00415cdb: 0040313c               ; RET
;
00415cdf: c2 5c 41 00            ; PREV: 00415cc2
00415ce3: 2a 5d 41 00 00         ; NEXT: 00415d2a, flags: 00
00415ce8: 09 49 4d 4d 45 44 49 41 54 45 00 ; LEN: 9, NAME: IMMEDIATE
00415cf3: 00403117 0041564d      ; CALL 0041564d
00415cfb: 004031d9 02            ; CLITERAL $02, #2
00415d00: 004031d9 04            ; CLITERAL $04, #4
00415d05: 0040328b               ; MUL
00415d09: 00403245               ; ADD
00415d0d: 00403036               ; DUP
00415d11: 00403208               ; CFETCH
00415d15: 004031d9 02            ; CLITERAL $02, #2
00415d1a: 00403195               ; OR
00415d1e: 00402fee               ; SWAP
00415d22: 0040321e               ; CSTORE
00415d26: 0040313c               ; RET
;
00415d2a: df 5c 41 00            ; PREV: 00415cdf
00415d2e: 72 5d 41 00 00         ; NEXT: 00415d72, flags: 00
00415d33: 06 49 4e 4c 49 4e 45 00 ; LEN: 6, NAME: INLINE
00415d3b: 00403117 0041564d      ; CALL 0041564d
00415d43: 004031d9 02            ; CLITERAL $02, #2
00415d48: 004031d9 04            ; CLITERAL $04, #4
00415d4d: 0040328b               ; MUL
00415d51: 00403245               ; ADD
00415d55: 00403036               ; DUP
00415d59: 00403208               ; CFETCH
00415d5d: 004031d9 02            ; CLITERAL $02, #2
00415d62: 00403195               ; OR
00415d66: 00402fee               ; SWAP
00415d6a: 0040321e               ; CSTORE
00415d6e: 0040313c               ; RET
;
00415d72: 2a 5d 41 00            ; PREV: 00415d2a
00415d76: 88 5d 41 00 02         ; NEXT: 00415d88, flags: 02
00415d7b: 02 42 4c 00            ; LEN: 2, NAME: BL
00415d7f: 004031d9 20            ; CLITERAL $20, #32
00415d84: 0040313c               ; RET
;
00415d88: 72 5d 41 00            ; PREV: 00415d72
00415d8c: a5 5d 41 00 02         ; NEXT: 00415da5, flags: 02
00415d91: 05 53 50 41 43 45 00   ; LEN: 5, NAME: SPACE
00415d98: 004031d9 20            ; CLITERAL $20, #32
00415d9d: 0040338b               ; EMIT
00415da1: 0040313c               ; RET
;
00415da5: 88 5d 41 00            ; PREV: 00415d88
00415da9: c8 5d 41 00 00         ; NEXT: 00415dc8, flags: 00
00415dae: 02 43 52 00            ; LEN: 2, NAME: CR
00415db2: 004031d9 0d            ; CLITERAL $0d, #13
00415db7: 0040338b               ; EMIT
00415dbb: 004031d9 0a            ; CLITERAL $0a, #10
00415dc0: 0040338b               ; EMIT
00415dc4: 0040313c               ; RET
;
00415dc8: a5 5d 41 00            ; PREV: 00415da5
00415dcc: ed 5d 41 00 02         ; NEXT: 00415ded, flags: 02
00415dd1: 0a 3f 43 4f 4d 50 49 4c 49 4e 47 00 ; LEN: 10, NAME: ?COMPILING
00415ddd: 00402f85 00414b80      ; LITERAL $00414b80, #4279168
00415de5: 00402fb4               ; FETCH
00415de9: 0040313c               ; RET
;
00415ded: c8 5d 41 00            ; PREV: 00415dc8
00415df1: 2c 5e 41 00 01         ; NEXT: 00415e2c, flags: 01
00415df6: 02 49 46 00            ; LEN: 2, NAME: IF
00415dfa: 00402f85 00414b80      ; LITERAL $00414b80, #4279168
00415e02: 00402fb4               ; FETCH
00415e06: 00403a7f 1e            ; BRANCHFZ 30 (00415e28)
00415e0b: 00403117 00415b82      ; CALL 00415b82
00415e13: 00403117 004155b8      ; CALL 004155b8
00415e1b: 004031d9 00            ; CLITERAL $00, #0
00415e20: 00403117 004155d5      ; CALL 004155d5
00415e28: 0040313c               ; RET
;
00415e2c: ed 5d 41 00            ; PREV: 00415ded
00415e30: 89 5e 41 00 01         ; NEXT: 00415e89, flags: 01
00415e35: 04 45 4c 53 45 00      ; LEN: 4, NAME: ELSE
00415e3b: 00402f85 00414b80      ; LITERAL $00414b80, #4279168
00415e43: 00402fb4               ; FETCH
00415e47: 00403a7f 3a            ; BRANCHFZ 58 (00415e85)
00415e4c: 00403117 00415b5b      ; CALL 00415b5b
00415e54: 00403117 004155b8      ; CALL 004155b8
00415e5c: 004031d9 00            ; CLITERAL $00, #0
00415e61: 00403117 004155d5      ; CALL 004155d5
00415e69: 00402fee               ; SWAP
00415e6d: 00403117 004155b8      ; CALL 004155b8
00415e75: 004033c0               ; OVER
00415e79: 00403267               ; SUB
00415e7d: 00402fee               ; SWAP
00415e81: 0040321e               ; CSTORE
00415e85: 0040313c               ; RET
;
00415e89: 2c 5e 41 00            ; PREV: 00415e2c
00415e8d: c5 5e 41 00 01         ; NEXT: 00415ec5, flags: 01
00415e92: 04 54 48 45 4e 00      ; LEN: 4, NAME: THEN
00415e98: 00402f85 00414b80      ; LITERAL $00414b80, #4279168
00415ea0: 00402fb4               ; FETCH
00415ea4: 00403a7f 19            ; BRANCHFZ 25 (00415ec1)
00415ea9: 00403117 004155b8      ; CALL 004155b8
00415eb1: 004033c0               ; OVER
00415eb5: 00403267               ; SUB
00415eb9: 00402fee               ; SWAP
00415ebd: 0040321e               ; CSTORE
00415ec1: 0040313c               ; RET
;
00415ec5: 89 5e 41 00            ; PREV: 00415e89
00415ec9: f2 5e 41 00 01         ; NEXT: 00415ef2, flags: 01
00415ece: 05 4c 45 41 56 45 00   ; LEN: 5, NAME: LEAVE
00415ed5: 00402f85 00414b80      ; LITERAL $00414b80, #4279168
00415edd: 00402fb4               ; FETCH
00415ee1: 00403a7f 09            ; BRANCHFZ 9 (00415eee)
00415ee6: 00403117 004157ca      ; CALL 004157ca
00415eee: 0040313c               ; RET
;
00415ef2: c5 5e 41 00            ; PREV: 00415ec5
00415ef6: 1f 5f 41 00 01         ; NEXT: 00415f1f, flags: 01
00415efb: 05 42 45 47 49 4e 00   ; LEN: 5, NAME: BEGIN
00415f02: 00402f85 00414b80      ; LITERAL $00414b80, #4279168
00415f0a: 00402fb4               ; FETCH
00415f0e: 00403a7f 09            ; BRANCHFZ 9 (00415f1b)
00415f13: 00403117 004155b8      ; CALL 004155b8
00415f1b: 0040313c               ; RET
;
00415f1f: f2 5e 41 00            ; PREV: 00415ef2
00415f23: 54 5f 41 00 01         ; NEXT: 00415f54, flags: 01
00415f28: 05 41 47 41 49 4e 00   ; LEN: 5, NAME: AGAIN
00415f2f: 00402f85 00414b80      ; LITERAL $00414b80, #4279168
00415f37: 00402fb4               ; FETCH
00415f3b: 00403a7f 11            ; BRANCHFZ 17 (00415f50)
00415f40: 00403117 0041571e      ; CALL 0041571e
00415f48: 00403117 0041560d      ; CALL 0041560d
00415f50: 0040313c               ; RET
;
00415f54: 1f 5f 41 00            ; PREV: 00415f1f
00415f58: 89 5f 41 00 01         ; NEXT: 00415f89, flags: 01
00415f5d: 05 57 48 49 4c 45 00   ; LEN: 5, NAME: WHILE
00415f64: 00402f85 00414b80      ; LITERAL $00414b80, #4279168
00415f6c: 00402fb4               ; FETCH
00415f70: 00403a7f 11            ; BRANCHFZ 17 (00415f85)
00415f75: 00403117 00415765      ; CALL 00415765
00415f7d: 00403117 0041560d      ; CALL 0041560d
00415f85: 0040313c               ; RET
;
00415f89: 54 5f 41 00            ; PREV: 00415f54
00415f8d: be 5f 41 00 01         ; NEXT: 00415fbe, flags: 01
00415f92: 05 55 4e 54 49 4c 00   ; LEN: 5, NAME: UNTIL
00415f99: 00402f85 00414b80      ; LITERAL $00414b80, #4279168
00415fa1: 00402fb4               ; FETCH
00415fa5: 00403a7f 11            ; BRANCHFZ 17 (00415fba)
00415faa: 00403117 00415741      ; CALL 00415741
00415fb2: 00403117 0041560d      ; CALL 0041560d
00415fba: 0040313c               ; RET
;
00415fbe: 89 5f 41 00            ; PREV: 00415f89
00415fc2: d3 5f 41 00 00         ; NEXT: 00415fd3, flags: 00
00415fc7: 02 2e 53 00            ; LEN: 2, NAME: .S
00415fcb: 00403bf1               ; RESET
00415fcf: 0040313c               ; RET
;
00415fd3: be 5f 41 00            ; PREV: 00415fbe
00415fd7: f7 5f 41 00 00         ; NEXT: 00415ff7, flags: 00
00415fdc: 05 43 4f 55 4e 54 00   ; LEN: 5, NAME: COUNT
00415fe3: 00403036               ; DUP
00415fe7: 00403963               ; INC
00415feb: 00402fee               ; SWAP
00415fef: 00403208               ; CFETCH
00415ff3: 0040313c               ; RET
;
00415ff7: d3 5f 41 00            ; PREV: 00415fd3
00415ffb: 4c 60 41 00 00         ; NEXT: 0041604c, flags: 00
00416000: 04 54 59 50 45 00      ; LEN: 4, NAME: TYPE
00416006: 00403036               ; DUP
0041600a: 004031d9 00            ; CLITERAL $00, #0
0041600f: 0040331c               ; EQ
00416013: 00403a7f 0d            ; BRANCHFZ 13 (00416024)
00416018: 0040301b               ; DROP
0041601c: 0040301b               ; DROP
00416020: 0040313c               ; RET
00416024: 00402fee               ; SWAP
00416028: 00403036               ; DUP
0041602c: 00403208               ; CFETCH
00416030: 0040338b               ; EMIT
00416034: 00403963               ; INC
00416038: 00402fee               ; SWAP
0041603c: 0040398c               ; DEC
00416040: 00403087 06 60 41 00   ; JMP 00416006
00416048: 0040313c               ; RET
;
0041604c: f7 5f 41 00            ; PREV: 00415ff7
00416050: 67 60 41 00 02         ; NEXT: 00416067, flags: 02
00416055: 04 54 52 55 45 00      ; LEN: 4, NAME: TRUE
0041605b: 00402f85 ffffffff      ; LITERAL $ffffffff, #-1
00416063: 0040313c               ; RET
;
00416067: 4c 60 41 00            ; PREV: 0041604c
0041606b: ca 60 41 00 00         ; NEXT: 004160ca, flags: 00
00416070: 07 73 6b 69 70 2d 77 53 00 ; LEN: 7, NAME: skip-wS
00416079: 00403036               ; DUP
0041607d: 00403208               ; CFETCH
00416081: 00403036               ; DUP
00416085: 00403a7f 21            ; BRANCHFZ 33 (004160aa)
0041608a: 004031d9 20            ; CLITERAL $20, #32
0041608f: 00403344               ; GT
00416093: 00403a7f 0a            ; BRANCHFZ 10 (004160a1)
00416098: 004031d9 00            ; CLITERAL $00, #0
0041609d: 0040313c               ; RET
004160a1: 00403963               ; INC
004160a5: 00403a57 15            ; BRANCHF 21 (004160be)
004160aa: 0040301b               ; DROP
004160ae: 0040301b               ; DROP
004160b2: 00402f85 ffffffff      ; LITERAL $ffffffff, #-1
004160ba: 0040313c               ; RET
004160be: 00403087 79 60 41 00   ; JMP 00416079
004160c6: 0040313c               ; RET
;
004160ca: 67 60 41 00            ; PREV: 00416067
004160ce: 02 61 41 00 00         ; NEXT: 00416102, flags: 00
004160d3: 08 67 65 74 2d 77 6f 72 64 00 ; LEN: 8, NAME: get-word
004160dd: 00403117 00416079      ; CALL 00416079
004160e5: 00403a7f 0d            ; BRANCHFZ 13 (004160f6)
004160ea: 0040301b               ; DROP
004160ee: 00402f85 ffffffff      ; LITERAL $ffffffff, #-1
004160f6: 004030d8 f6 60 41 00   ; JMPNZ 004160f6
004160fe: 0040313c               ; RET
;
00416102: ca 60 41 00            ; PREV: 004160ca
00416106: 21 61 41 00 00         ; NEXT: 00416121, flags: 00
0041610b: 0c 65 78 65 63 75 74 65 2d 77 6f 72 64 00 ; LEN: 12, NAME: execute-word
00416119: 0040301b               ; DROP
0041611d: 0040313c               ; RET
;
00416121: 02 61 41 00            ; PREV: 00416102
00416125: 41 61 41 00 00         ; NEXT: 00416141, flags: 00
0041612a: 09 72 65 61 64 2d 6c 69 6e 65 00 ; LEN: 9, NAME: read-line
00416135: 00402f85 00003456      ; LITERAL $00003456, #13398
0041613d: 0040313c               ; RET
;
00416141: 21 61 41 00            ; PREV: 00416121
00416145: 7c 61 41 00 00         ; NEXT: 0041617c, flags: 00
0041614a: 0c 65 78 65 63 75 74 65 2d 6c 69 6e 65 00 ; LEN: 12, NAME: execute-line
00416158: 00403117 004160dd      ; CALL 004160dd
00416160: 00403117 00416119      ; CALL 00416119
00416168: 00403036               ; DUP
0041616c: 004030d8 58 61 41 00   ; JMPNZ 00416158
00416174: 0040301b               ; DROP
00416178: 0040313c               ; RET
;
0041617c: 41 61 41 00            ; PREV: 00416141
00416180: 93 61 41 00 00         ; NEXT: 00416193, flags: 00
00416185: 04 65 78 69 74 00      ; LEN: 4, NAME: exit
0041618b: 00403c7d               ; BYE
0041618f: 0040313c               ; RET
;
00416193: 7c 61 41 00            ; PREV: 0041617c
00416197: d6 61 41 00 00         ; NEXT: 004161d6, flags: 00
0041619c: 02 6f 6b 00            ; LEN: 2, NAME: ok
004161a0: 004031d9 20            ; CLITERAL $20, #32
004161a5: 0040338b               ; EMIT
004161a9: 0040304c               ; S"
004161ad: 204b4f03               ; RESET
004161b1: 40311700               ; RESET
004161b5: 415fe300               ; RESET
004161b9: 40311700               ; RESET
004161bd: 41600600               ; RESET
004161c1: 40311700               ; RESET
004161c5: 415fcb00               ; RESET
004161c9: 40311700               ; RESET
004161cd: 415db200               ; RESET
004161d1: 40313c00               ; RESET
004161d5: 41619300               ; RESET
;
004161d6: 93 61 41 00            ; PREV: 00416193
004161da: 06 62 41 00 00         ; NEXT: 00416206, flags: 00
004161df: 05 68 65 6c 6c 6f 00   ; LEN: 5, NAME: hello
004161e6: 0040304c               ; S"
004161ea: 6c654806               ; RESET
004161ee: 002e6f6c               ; RESET
004161f2: 00403117 00415fe3      ; CALL 00415fe3
004161fa: 00403117 00416006      ; CALL 00416006
00416202: 0040313c               ; RET
;
00416206: d6 61 41 00            ; PREV: 004161d6
0041620a: 00 00 00 00 00         ; NEXT: 00000000, flags: 00
0041620f: 04 6d 61 69 6e 00      ; LEN: 4, NAME: main
00416215: 00403117 004161e6      ; CALL 004161e6
0041621d: 00403117 004161a0      ; CALL 004161a0
00416225: 00403117 00416135      ; CALL 00416135
0041622d: 00403117 00416158      ; CALL 00416158
00416235: 00403117 0041618b      ; CALL 0041618b
0041623d: 00403087 1d 62 41 00   ; JMP 0041621d
00416245: 0040313c               ; RET
;
; End of code
