; memory-size: 65536 bytes, (10000 hex)
; data-stack: fe00, grows up
; return-stack: fffc, grows down
;
0000: 08 07 08 00 00             ; JMP main (0807)
;
0005: 00 0a 04
0008: 00000000 00000000
0010: 000008aa 0000f6c9 00000000 00000000
0020: 00000000 00010000 00000000 00000000
0030: 00000000 00000000 00000000 00000000
;
0040: 18 eb fd 00 00             ; DICTP (HERE) (fdeb)
0045: 0e 10                      ; CLITERAL 16
0047: 0c                         ; RET
;
0048: 18 da fd 00 00             ; DICTP (LAST) (fdda)
004d: 0e 14                      ; CLITERAL 20
004f: 0c                         ; RET
;
0050: 18 cb fd 00 00             ; DICTP CELL (fdcb)
0055: 0e 04                      ; CLITERAL 4
0057: 0c                         ; RET
;
0058: 18 bc fd 00 00             ; DICTP BASE (fdbc)
005d: 0e 06                      ; CLITERAL 6
005f: 0c                         ; RET
;
0060: 18 ac fd 00 00             ; DICTP STATE (fdac)
0065: 0e 20                      ; CLITERAL 32
0067: 0c                         ; RET
;
0068: 18 9f fd 00 00             ; DICTP C, (fd9f)
006d: 0e 10                      ; CLITERAL 16
006f: 02                         ; FETCH
0070: 10                         ; CSTORE
0071: 0e 10                      ; CLITERAL 16
0073: 02                         ; FETCH
0074: 0e 01                      ; CLITERAL 1
0076: 11                         ; ADD
0077: 0e 10                      ; CLITERAL 16
0079: 03                         ; STORE
007a: 0c                         ; RET
;
007b: 18 93 fd 00 00             ; DICTP , (fd93)
0080: 0e 10                      ; CLITERAL 16
0082: 02                         ; FETCH
0083: 03                         ; STORE
0084: 0e 10                      ; CLITERAL 16
0086: 02                         ; FETCH
0087: 0e 04                      ; CLITERAL 4
0089: 11                         ; ADD
008a: 0e 10                      ; CLITERAL 16
008c: 03                         ; STORE
008d: 0c                         ; RET
;
008e: 18 87 fd 00 00             ; DICTP [ (fd87)
0093: 0e 00                      ; CLITERAL 0
0095: 0e 20                      ; CLITERAL 32
0097: 03                         ; STORE
0098: 0c                         ; RET
;
0099: 18 7b fd 00 00             ; DICTP ] (fd7b)
009e: 0e 01                      ; CLITERAL 1
00a0: 0e 20                      ; CLITERAL 32
00a2: 03                         ; STORE
00a3: 0c                         ; RET
;
00a4: 18 69 fd 00 00             ; DICTP LITERAL (fd69)
00a9: 0e 01                      ; CLITERAL 1
00ab: 0b 68 00 00 00             ; CALL C, (0068)
00b0: 0c                         ; RET
;
00b1: 18 5d fd 00 00             ; DICTP @ (fd5d)
00b6: 02                         ; FETCH
00b7: 0c                         ; RET
;
00b8: 18 51 fd 00 00             ; DICTP ! (fd51)
00bd: 03                         ; STORE
00be: 0c                         ; RET
;
00bf: 18 42 fd 00 00             ; DICTP SWAP (fd42)
00c4: 04                         ; SWAP
00c5: 0c                         ; RET
;
00c6: 18 33 fd 00 00             ; DICTP DROP (fd33)
00cb: 05                         ; DROP
00cc: 0c                         ; RET
;
00cd: 18 25 fd 00 00             ; DICTP DUP (fd25)
00d2: 06                         ; DUP
00d3: 0c                         ; RET
;
00d4: 18 12 fd 00 00             ; DICTP SLITERAL (fd12)
00d9: 0e 07                      ; CLITERAL 7
00db: 0b 68 00 00 00             ; CALL C, (0068)
00e0: 0c                         ; RET
;
00e1: 18 04 fd 00 00             ; DICTP JMP (fd04)
00e6: 0e 08                      ; CLITERAL 8
00e8: 0b 68 00 00 00             ; CALL C, (0068)
00ed: 0c                         ; RET
;
00ee: 18 f5 fc 00 00             ; DICTP JMPZ (fcf5)
00f3: 0e 09                      ; CLITERAL 9
00f5: 0b 68 00 00 00             ; CALL C, (0068)
00fa: 0c                         ; RET
;
00fb: 18 e5 fc 00 00             ; DICTP JMPNZ (fce5)
0100: 0e 0a                      ; CLITERAL 10
0102: 0b 68 00 00 00             ; CALL C, (0068)
0107: 0c                         ; RET
;
0108: 18 d6 fc 00 00             ; DICTP CALL (fcd6)
010d: 0e 0b                      ; CLITERAL 11
010f: 0b 68 00 00 00             ; CALL C, (0068)
0114: 0c                         ; RET
;
0115: 18 c8 fc 00 00             ; DICTP RET (fcc8)
011a: 0e 0c                      ; CLITERAL 12
011c: 0b 68 00 00 00             ; CALL C, (0068)
0121: 0c                         ; RET
;
0122: 18 bb fc 00 00             ; DICTP OR (fcbb)
0127: 0d                         ; OR
0128: 0c                         ; RET
;
0129: 18 a8 fc 00 00             ; DICTP CLITERAL (fca8)
012e: 0e 0e                      ; CLITERAL 14
0130: 0b 68 00 00 00             ; CALL C, (0068)
0135: 0c                         ; RET
;
0136: 18 9b fc 00 00             ; DICTP C@ (fc9b)
013b: 0f                         ; CFETCH
013c: 0c                         ; RET
;
013d: 18 8e fc 00 00             ; DICTP C! (fc8e)
0142: 10                         ; CSTORE
0143: 0c                         ; RET
;
0144: 18 82 fc 00 00             ; DICTP + (fc82)
0149: 11                         ; ADD
014a: 0c                         ; RET
;
014b: 18 76 fc 00 00             ; DICTP - (fc76)
0150: 12                         ; SUB
0151: 0c                         ; RET
;
0152: 18 6a fc 00 00             ; DICTP * (fc6a)
0157: 13                         ; MUL
0158: 0c                         ; RET
;
0159: 18 5e fc 00 00             ; DICTP / (fc5e)
015e: 14                         ; DIV
015f: 0c                         ; RET
;
0160: 18 52 fc 00 00             ; DICTP < (fc52)
0165: 15                         ; LT
0166: 0c                         ; RET
;
0167: 18 46 fc 00 00             ; DICTP = (fc46)
016c: 16                         ; EQ
016d: 0c                         ; RET
;
016e: 18 3a fc 00 00             ; DICTP > (fc3a)
0173: 17                         ; GT
0174: 0c                         ; RET
;
0175: 18 2a fc 00 00             ; DICTP DICTP (fc2a)
017a: 0e 18                      ; CLITERAL 24
017c: 0b 68 00 00 00             ; CALL C, (0068)
0181: 0c                         ; RET
;
0182: 18 1b fc 00 00             ; DICTP EMIT (fc1b)
0187: 19                         ; EMIT
0188: 0c                         ; RET
;
0189: 18 0c fc 00 00             ; DICTP OVER (fc0c)
018e: 1a                         ; OVER
018f: 0c                         ; RET
;
0190: 18 fa fb 00 00             ; DICTP COMPARE (fbfa)
0195: 1b                         ; COMPARE
0196: 0c                         ; RET
;
0197: 18 ea fb 00 00             ; DICTP FOPEN (fbea)
019c: 1c                         ; FOPEN
019d: 0c                         ; RET
;
019e: 18 da fb 00 00             ; DICTP FREAD (fbda)
01a3: 1d                         ; FREAD
01a4: 0c                         ; RET
;
01a5: 18 c6 fb 00 00             ; DICTP FREADLINE (fbc6)
01aa: 1e                         ; FREADLINE
01ab: 0c                         ; RET
;
01ac: 18 b5 fb 00 00             ; DICTP FWRITE (fbb5)
01b1: 1f                         ; FWRITE
01b2: 0c                         ; RET
;
01b3: 18 a4 fb 00 00             ; DICTP FCLOSE (fba4)
01b8: 20                         ; FCLOSE
01b9: 0c                         ; RET
;
01ba: 18 97 fb 00 00             ; DICTP >R (fb97)
01bf: 21                         ; DTOR
01c0: 0c                         ; RET
;
01c1: 18 8a fb 00 00             ; DICTP R> (fb8a)
01c6: 22                         ; RTOD
01c7: 0c                         ; RET
;
01c8: 18 77 fb 00 00             ; DICTP LOGLEVEL (fb77)
01cd: 23                         ; LOGLEVEL
01ce: 0c                         ; RET
;
01cf: 18 69 fb 00 00             ; DICTP AND (fb69)
01d4: 24                         ; AND
01d5: 0c                         ; RET
;
01d6: 18 5a fb 00 00             ; DICTP PICK (fb5a)
01db: 25                         ; PICK
01dc: 0c                         ; RET
;
01dd: 18 4a fb 00 00             ; DICTP DEPTH (fb4a)
01e2: 26                         ; DEPTH
01e3: 0c                         ; RET
;
01e4: 18 3a fb 00 00             ; DICTP GETCH (fb3a)
01e9: 27                         ; GETCH
01ea: 0c                         ; RET
;
01eb: 18 27 fb 00 00             ; DICTP COMPAREI (fb27)
01f0: 28                         ; COMPAREI
01f1: 0c                         ; RET
;
01f2: 18 16 fb 00 00             ; DICTP USINIT (fb16)
01f7: 29                         ; USTACKINIT
01f8: 0c                         ; RET
;
01f9: 18 05 fb 00 00             ; DICTP USPUSH (fb05)
01fe: 2a                         ; UPUSH
01ff: 0c                         ; RET
;
0200: 18 f5 fa 00 00             ; DICTP USPOP (faf5)
0205: 2b                         ; UPOP
0206: 0c                         ; RET
;
0207: 18 e5 fa 00 00             ; DICTP BREAK (fae5)
020c: fd                         ; BREAK
020d: 0c                         ; RET
;
020e: 18 d5 fa 00 00             ; DICTP RESET (fad5)
0213: fe                         ; RESET
0214: 0c                         ; RET
;
0215: 18 c7 fa 00 00             ; DICTP BYE (fac7)
021a: ff                         ; BYE
021b: 0c                         ; RET
;
021c: 18 b6 fa 00 00             ; DICTP INLINE (fab6)
0221: 0e 14                      ; CLITERAL 20
0223: 02                         ; FETCH
0224: 0e 02                      ; CLITERAL 2
0226: 0e 04                      ; CLITERAL 4
0228: 13                         ; MUL
0229: 11                         ; ADD
022a: 06                         ; DUP
022b: 0f                         ; CFETCH
022c: 0e 02                      ; CLITERAL 2
022e: 0d                         ; OR
022f: 04                         ; SWAP
0230: 10                         ; CSTORE
0231: 0c                         ; RET
;
0232: 18 a2 fa 00 00             ; DICTP IMMEDIATE (faa2)
0237: 0e 14                      ; CLITERAL 20
0239: 02                         ; FETCH
023a: 0e 02                      ; CLITERAL 2
023c: 0e 04                      ; CLITERAL 4
023e: 13                         ; MUL
023f: 11                         ; ADD
0240: 06                         ; DUP
0241: 0f                         ; CFETCH
0242: 0e 01                      ; CLITERAL 1
0244: 0d                         ; OR
0245: 04                         ; SWAP
0246: 10                         ; CSTORE
0247: 0c                         ; RET
;
0248: 18 92 fa 00 00             ; DICTP CELLS (fa92)
024d: 0e 04                      ; CLITERAL 4
024f: 13                         ; MUL
0250: 0c                         ; RET
;
0251: 18 79 fa 00 00             ; DICTP FLAG_IMMEDIATE (fa79)
0256: 0e 01                      ; CLITERAL 1
0258: 0c                         ; RET
;
0259: 18 63 fa 00 00             ; DICTP FLAG_INLINE (fa63)
025e: 0e 02                      ; CLITERAL 2
0260: 0c                         ; RET
;
0261: 18 54 fa 00 00             ; DICTP LAST (fa54)
0266: 0e 14                      ; CLITERAL 20
0268: 02                         ; FETCH
0269: 0c                         ; RET
;
026a: 18 45 fa 00 00             ; DICTP HERE (fa45)
026f: 0e 10                      ; CLITERAL 16
0271: 02                         ; FETCH
0272: 0c                         ; RET
;
0273: 18 38 fa 00 00             ; DICTP R@ (fa38)
0278: 22                         ; RTOD
0279: 06                         ; DUP
027a: 21                         ; DTOR
027b: 0c                         ; RET
;
027c: 18 28 fa 00 00             ; DICTP RDROP (fa28)
0281: 22                         ; RTOD
0282: 05                         ; DROP
0283: 0c                         ; RET
;
0284: 18 19 fa 00 00             ; DICTP 2DUP (fa19)
0289: 1a                         ; OVER
028a: 1a                         ; OVER
028b: 0c                         ; RET
;
028c: 18 09 fa 00 00             ; DICTP 2DROP (fa09)
0291: 05                         ; DROP
0292: 05                         ; DROP
0293: 0c                         ; RET
;
0294: 18 fa f9 00 00             ; DICTP TUCK (f9fa)
0299: 04                         ; SWAP
029a: 1a                         ; OVER
029b: 0c                         ; RET
;
029c: 18 ec f9 00 00             ; DICTP NIP (f9ec)
02a1: 04                         ; SWAP
02a2: 05                         ; DROP
02a3: 0c                         ; RET
;
02a4: 18 de f9 00 00             ; DICTP ROT (f9de)
02a9: 21                         ; DTOR
02aa: 04                         ; SWAP
02ab: 22                         ; RTOD
02ac: 04                         ; SWAP
02ad: 0c                         ; RET
;
02ae: 18 cf f9 00 00             ; DICTP -ROT (f9cf)
02b3: 04                         ; SWAP
02b4: 21                         ; DTOR
02b5: 04                         ; SWAP
02b6: 22                         ; RTOD
02b7: 0c                         ; RET
;
02b8: 18 ba f9 00 00             ; DICTP ?COMPILING (f9ba)
02bd: 0e 20                      ; CLITERAL 32
02bf: 02                         ; FETCH
02c0: 0c                         ; RET
;
02c1: 18 ad f9 00 00             ; DICTP IF (f9ad)
02c6: 0b b8 02 00 00             ; CALL ?COMPILING (02b8)
02cb: 09 df 02 00 00             ; JMPZ 02df
02d0: 0b ee 00 00 00             ; CALL JMPZ (00ee)
02d5: 0e 10                      ; CLITERAL 16
02d7: 02                         ; FETCH
02d8: 0e 00                      ; CLITERAL 0
02da: 0b 7b 00 00 00             ; CALL , (007b)
02df: 0c                         ; RET
;
02e0: 18 9e f9 00 00             ; DICTP ELSE (f99e)
02e5: 0b b8 02 00 00             ; CALL ?COMPILING (02b8)
02ea: 09 04 03 00 00             ; JMPZ 0304
02ef: 0b e1 00 00 00             ; CALL JMP (00e1)
02f4: 0e 10                      ; CLITERAL 16
02f6: 02                         ; FETCH
02f7: 04                         ; SWAP
02f8: 0e 00                      ; CLITERAL 0
02fa: 0b 7b 00 00 00             ; CALL , (007b)
02ff: 0e 10                      ; CLITERAL 16
0301: 02                         ; FETCH
0302: 04                         ; SWAP
0303: 03                         ; STORE
0304: 0c                         ; RET
;
0305: 18 8f f9 00 00             ; DICTP THEN (f98f)
030a: 0b b8 02 00 00             ; CALL ?COMPILING (02b8)
030f: 09 19 03 00 00             ; JMPZ 0319
0314: 0e 10                      ; CLITERAL 16
0316: 02                         ; FETCH
0317: 04                         ; SWAP
0318: 03                         ; STORE
0319: 0c                         ; RET
;
031a: 18 7f f9 00 00             ; DICTP BEGIN (f97f)
031f: 0b b8 02 00 00             ; CALL ?COMPILING (02b8)
0324: 09 2c 03 00 00             ; JMPZ 032c
0329: 0e 10                      ; CLITERAL 16
032b: 02                         ; FETCH
032c: 0c                         ; RET
;
032d: 18 6f f9 00 00             ; DICTP AGAIN (f96f)
0332: 0b b8 02 00 00             ; CALL ?COMPILING (02b8)
0337: 09 46 03 00 00             ; JMPZ 0346
033c: 0b e1 00 00 00             ; CALL JMP (00e1)
0341: 0b 7b 00 00 00             ; CALL , (007b)
0346: 0c                         ; RET
;
0347: 18 5f f9 00 00             ; DICTP WHILE (f95f)
034c: 0b b8 02 00 00             ; CALL ?COMPILING (02b8)
0351: 09 60 03 00 00             ; JMPZ 0360
0356: 0b fb 00 00 00             ; CALL JMPNZ (00fb)
035b: 0b 7b 00 00 00             ; CALL , (007b)
0360: 0c                         ; RET
;
0361: 18 4f f9 00 00             ; DICTP UNTIL (f94f)
0366: 0b b8 02 00 00             ; CALL ?COMPILING (02b8)
036b: 09 7a 03 00 00             ; JMPZ 037a
0370: 0b ee 00 00 00             ; CALL JMPZ (00ee)
0375: 0b 7b 00 00 00             ; CALL , (007b)
037a: 0c                         ; RET
;
037b: 18 3f f9 00 00             ; DICTP LEAVE (f93f)
0380: 0b b8 02 00 00             ; CALL ?COMPILING (02b8)
0385: 09 8f 03 00 00             ; JMPZ 038f
038a: 0b 15 01 00 00             ; CALL RET (0115)
038f: 0c                         ; RET
;
0390: 18 2f f9 00 00             ; DICTP COUNT (f92f)
0395: 06                         ; DUP
0396: 0e 01                      ; CLITERAL 1
0398: 11                         ; ADD
0399: 04                         ; SWAP
039a: 0f                         ; CFETCH
039b: 0c                         ; RET
;
039c: 18 20 f9 00 00             ; DICTP TYPE (f920)
03a1: 1a                         ; OVER
03a2: 11                         ; ADD
03a3: 0e 01                      ; CLITERAL 1
03a5: 12                         ; SUB
03a6: 04                         ; SWAP
03a7: 1a                         ; OVER
03a8: 1a                         ; OVER
03a9: 15                         ; LT
03aa: 09 b2 03 00 00             ; JMPZ 03b2
03af: 05                         ; DROP
03b0: 05                         ; DROP
03b1: 0c                         ; RET
03b2: 06                         ; DUP
03b3: 0f                         ; CFETCH
03b4: 19                         ; EMIT
03b5: 0e 01                      ; CLITERAL 1
03b7: 11                         ; ADD
03b8: 08 a7 03 00 00             ; JMP 03a7
03bd: 0c                         ; RET
;
03be: 18 13 f9 00 00             ; DICTP CR (f913)
03c3: 0e 0d                      ; CLITERAL 13
03c5: 19                         ; EMIT
03c6: 0e 0a                      ; CLITERAL 10
03c8: 19                         ; EMIT
03c9: 0c                         ; RET
;
03ca: 18 00 f9 00 00             ; DICTP INPUT-FP (f900)
03cf: 01 d5 03 00 00             ; LITERAL 981 (3d5)
03d4: 0c                         ; RET
03d5: 00                         ; RESET
03d6: 00                         ; RESET
03d7: 00                         ; RESET
03d8: 00                         ; RESET
03d9: 0c                         ; RET
;
03da: 18 f2 f8 00 00             ; DICTP PAD (f8f2)
03df: 0e 14                      ; CLITERAL 20
03e1: 02                         ; FETCH
03e2: 01 00 01 00 00             ; LITERAL 256 (100)
03e7: 12                         ; SUB
03e8: 0c                         ; RET
;
03e9: 18 dc f8 00 00             ; DICTP string-catc (f8dc)
03ee: 04                         ; SWAP
03ef: 1a                         ; OVER
03f0: 06                         ; DUP
03f1: 0f                         ; CFETCH
03f2: 11                         ; ADD
03f3: 0e 01                      ; CLITERAL 1
03f5: 11                         ; ADD
03f6: 10                         ; CSTORE
03f7: 06                         ; DUP
03f8: 0f                         ; CFETCH
03f9: 0e 01                      ; CLITERAL 1
03fb: 11                         ; ADD
03fc: 04                         ; SWAP
03fd: 10                         ; CSTORE
03fe: 0c                         ; RET
;
03ff: 18 c2 f8 00 00             ; DICTP string-nullterm (f8c2)
0404: 0e 00                      ; CLITERAL 0
0406: 04                         ; SWAP
0407: 06                         ; DUP
0408: 0f                         ; CFETCH
0409: 11                         ; ADD
040a: 0e 01                      ; CLITERAL 1
040c: 11                         ; ADD
040d: 10                         ; CSTORE
040e: 0c                         ; RET
;
040f: 18 ab f8 00 00             ; DICTP file-getLine (f8ab)
0414: 0b da 03 00 00             ; CALL PAD (03da)
0419: 04                         ; SWAP
041a: 0e c8                      ; CLITERAL 200
041c: 04                         ; SWAP
041d: 1e                         ; FREADLINE
041e: 0b da 03 00 00             ; CALL PAD (03da)
0423: 10                         ; CSTORE
0424: 0b da 03 00 00             ; CALL PAD (03da)
0429: 0c                         ; RET
;
042a: 18 93 f8 00 00             ; DICTP stdin-getline (f893)
042f: 0b da 03 00 00             ; CALL PAD (03da)
0434: 0e 00                      ; CLITERAL 0
0436: 1a                         ; OVER
0437: 03                         ; STORE
0438: 21                         ; DTOR
0439: 27                         ; GETCH
043a: 06                         ; DUP
043b: 0e 0d                      ; CLITERAL 13
043d: 16                         ; EQ
043e: 09 49 04 00 00             ; JMPZ 0449
0443: 05                         ; DROP
0444: 22                         ; RTOD
0445: 0e 20                      ; CLITERAL 32
0447: 19                         ; EMIT
0448: 0c                         ; RET
0449: 06                         ; DUP
044a: 19                         ; EMIT
044b: 22                         ; RTOD
044c: 06                         ; DUP
044d: 21                         ; DTOR
044e: 0b e9 03 00 00             ; CALL string-catc (03e9)
0453: 08 39 04 00 00             ; JMP 0439
0458: 0c                         ; RET
;
0459: 18 80 f8 00 00             ; DICTP get-line (f880)
045e: 0b ca 03 00 00             ; CALL INPUT-FP (03ca)
0463: 02                         ; FETCH
0464: 06                         ; DUP
0465: 09 74 04 00 00             ; JMPZ 0474
046a: 0b 0f 04 00 00             ; CALL file-getLine (040f)
046f: 08 7a 04 00 00             ; JMP 047a
0474: 05                         ; DROP
0475: 0b 2a 04 00 00             ; CALL stdin-getline (042a)
047a: 0c                         ; RET
;
047b: 18 6e f8 00 00             ; DICTP BETWEEN (f86e)
0480: 0e 02                      ; CLITERAL 2
0482: 25                         ; PICK
0483: 15                         ; LT
0484: 09 8e 04 00 00             ; JMPZ 048e
0489: 05                         ; DROP
048a: 05                         ; DROP
048b: 0e 00                      ; CLITERAL 0
048d: 0c                         ; RET
048e: 15                         ; LT
048f: 0e 00                      ; CLITERAL 0
0491: 16                         ; EQ
0492: 0c                         ; RET
;
0493: 18 5c f8 00 00             ; DICTP skip-ws (f85c)
0498: 06                         ; DUP
0499: 0f                         ; CFETCH
049a: 0e 01                      ; CLITERAL 1
049c: 0e 20                      ; CLITERAL 32
049e: 0b 7b 04 00 00             ; CALL BETWEEN (047b)
04a3: 09 b0 04 00 00             ; JMPZ 04b0
04a8: 0e 01                      ; CLITERAL 1
04aa: 11                         ; ADD
04ab: 08 b1 04 00 00             ; JMP 04b1
04b0: 0c                         ; RET
04b1: 08 98 04 00 00             ; JMP 0498
04b6: 0c                         ; RET
;
04b7: 18 49 f8 00 00             ; DICTP get-word (f849)
04bc: 0e 10                      ; CLITERAL 16
04be: 02                         ; FETCH
04bf: 0e 40                      ; CLITERAL 64
04c1: 11                         ; ADD
04c2: 06                         ; DUP
04c3: 21                         ; DTOR
04c4: 0e 00                      ; CLITERAL 0
04c6: 04                         ; SWAP
04c7: 03                         ; STORE
04c8: 06                         ; DUP
04c9: 0f                         ; CFETCH
04ca: 06                         ; DUP
04cb: 0e 21                      ; CLITERAL 33
04cd: 15                         ; LT
04ce: 09 e2 04 00 00             ; JMPZ 04e2
04d3: 05                         ; DROP
04d4: 22                         ; RTOD
04d5: 04                         ; SWAP
04d6: 06                         ; DUP
04d7: 0b ff 03 00 00             ; CALL string-nullterm (03ff)
04dc: 0c                         ; RET
04dd: 08 ed 04 00 00             ; JMP 04ed
04e2: 22                         ; RTOD
04e3: 06                         ; DUP
04e4: 21                         ; DTOR
04e5: 0b e9 03 00 00             ; CALL string-catc (03e9)
04ea: 0e 01                      ; CLITERAL 1
04ec: 11                         ; ADD
04ed: 08 c8 04 00 00             ; JMP 04c8
04f2: 0c                         ; RET
;
04f3: 18 35 f8 00 00             ; DICTP DICT>NEXT (f835)
04f8: 0c                         ; RET
;
04f9: 18 23 f8 00 00             ; DICTP DICT>XT (f823)
04fe: 0e 04                      ; CLITERAL 4
0500: 11                         ; ADD
0501: 0c                         ; RET
;
0502: 18 0e f8 00 00             ; DICTP DICT>FLAGS (f80e)
0507: 0e 02                      ; CLITERAL 2
0509: 0e 04                      ; CLITERAL 4
050b: 13                         ; MUL
050c: 11                         ; ADD
050d: 0c                         ; RET
;
050e: 18 fa f7 00 00             ; DICTP DICT>NAME (f7fa)
0513: 0e 02                      ; CLITERAL 2
0515: 0e 04                      ; CLITERAL 4
0517: 13                         ; MUL
0518: 11                         ; ADD
0519: 0e 01                      ; CLITERAL 1
051b: 11                         ; ADD
051c: 0c                         ; RET
;
051d: 18 e6 f7 00 00             ; DICTP find-word (f7e6)
0522: 06                         ; DUP
0523: 0b ff 03 00 00             ; CALL string-nullterm (03ff)
0528: 0e 14                      ; CLITERAL 20
052a: 02                         ; FETCH
052b: 21                         ; DTOR
052c: 22                         ; RTOD
052d: 06                         ; DUP
052e: 21                         ; DTOR
052f: 06                         ; DUP
0530: 09 4f 05 00 00             ; JMPZ 054f
0535: 0e 02                      ; CLITERAL 2
0537: 0e 04                      ; CLITERAL 4
0539: 13                         ; MUL
053a: 11                         ; ADD
053b: 0e 01                      ; CLITERAL 1
053d: 11                         ; ADD
053e: 1a                         ; OVER
053f: 28                         ; COMPAREI
0540: 09 4a 05 00 00             ; JMPZ 054a
0545: 05                         ; DROP
0546: 22                         ; RTOD
0547: 0e 01                      ; CLITERAL 1
0549: 0c                         ; RET
054a: 08 56 05 00 00             ; JMP 0556
054f: 05                         ; DROP
0550: 05                         ; DROP
0551: 22                         ; RTOD
0552: 05                         ; DROP
0553: 0e 00                      ; CLITERAL 0
0555: 0c                         ; RET
0556: 22                         ; RTOD
0557: 02                         ; FETCH
0558: 21                         ; DTOR
0559: 08 2c 05 00 00             ; JMP 052c
055e: 0c                         ; RET
;
055f: 18 cf f7 00 00             ; DICTP is-num-char? (f7cf)
0564: 06                         ; DUP
0565: 0e 30                      ; CLITERAL 48
0567: 0e 39                      ; CLITERAL 57
0569: 0b 7b 04 00 00             ; CALL BETWEEN (047b)
056e: 09 79 05 00 00             ; JMPZ 0579
0573: 0e 30                      ; CLITERAL 48
0575: 12                         ; SUB
0576: 0e 01                      ; CLITERAL 1
0578: 0c                         ; RET
0579: 0e 06                      ; CLITERAL 6
057b: 0f                         ; CFETCH
057c: 0e 10                      ; CLITERAL 16
057e: 16                         ; EQ
057f: 09 ae 05 00 00             ; JMPZ 05ae
0584: 06                         ; DUP
0585: 0e 41                      ; CLITERAL 65
0587: 0e 46                      ; CLITERAL 70
0589: 0b 7b 04 00 00             ; CALL BETWEEN (047b)
058e: 09 99 05 00 00             ; JMPZ 0599
0593: 0e 37                      ; CLITERAL 55
0595: 12                         ; SUB
0596: 0e 01                      ; CLITERAL 1
0598: 0c                         ; RET
0599: 06                         ; DUP
059a: 0e 61                      ; CLITERAL 97
059c: 0e 66                      ; CLITERAL 102
059e: 0b 7b 04 00 00             ; CALL BETWEEN (047b)
05a3: 09 ae 05 00 00             ; JMPZ 05ae
05a8: 0e 57                      ; CLITERAL 87
05aa: 12                         ; SUB
05ab: 0e 01                      ; CLITERAL 1
05ad: 0c                         ; RET
05ae: 05                         ; DROP
05af: 0e 00                      ; CLITERAL 0
05b1: 0c                         ; RET
;
05b2: 18 ba f7 00 00             ; DICTP is-number? (f7ba)
05b7: 06                         ; DUP
05b8: 0b ff 03 00 00             ; CALL string-nullterm (03ff)
05bd: 0e 01                      ; CLITERAL 1
05bf: 11                         ; ADD
05c0: 06                         ; DUP
05c1: 0f                         ; CFETCH
05c2: 0e 2d                      ; CLITERAL 45
05c4: 16                         ; EQ
05c5: 09 d5 05 00 00             ; JMPZ 05d5
05ca: 0e 01                      ; CLITERAL 1
05cc: 21                         ; DTOR
05cd: 0e 01                      ; CLITERAL 1
05cf: 11                         ; ADD
05d0: 08 d8 05 00 00             ; JMP 05d8
05d5: 0e 00                      ; CLITERAL 0
05d7: 21                         ; DTOR
05d8: 0e 00                      ; CLITERAL 0
05da: 21                         ; DTOR
05db: 06                         ; DUP
05dc: 0f                         ; CFETCH
05dd: 06                         ; DUP
05de: 0e 00                      ; CLITERAL 0
05e0: 16                         ; EQ
05e1: 09 f6 05 00 00             ; JMPZ 05f6
05e6: 05                         ; DROP
05e7: 05                         ; DROP
05e8: 22                         ; RTOD
05e9: 22                         ; RTOD
05ea: 09 f3 05 00 00             ; JMPZ 05f3
05ef: 0e 00                      ; CLITERAL 0
05f1: 04                         ; SWAP
05f2: 12                         ; SUB
05f3: 0e 01                      ; CLITERAL 1
05f5: 0c                         ; RET
05f6: 0b 5f 05 00 00             ; CALL is-num-char? (055f)
05fb: 09 0f 06 00 00             ; JMPZ 060f
0600: 22                         ; RTOD
0601: 0e 06                      ; CLITERAL 6
0603: 0f                         ; CFETCH
0604: 13                         ; MUL
0605: 11                         ; ADD
0606: 21                         ; DTOR
0607: 0e 01                      ; CLITERAL 1
0609: 11                         ; ADD
060a: 08 17 06 00 00             ; JMP 0617
060f: 05                         ; DROP
0610: 22                         ; RTOD
0611: 05                         ; DROP
0612: 22                         ; RTOD
0613: 05                         ; DROP
0614: 0e 00                      ; CLITERAL 0
0616: 0c                         ; RET
0617: 08 db 05 00 00             ; JMP 05db
061c: 0c                         ; RET
;
061d: 18 a3 f7 00 00             ; DICTP execute-word (f7a3)
0622: 06                         ; DUP
0623: 0b b2 05 00 00             ; CALL is-number? (05b2)
0628: 09 5e 06 00 00             ; JMPZ 065e
062d: 04                         ; SWAP
062e: 05                         ; DROP
062f: 0b b8 02 00 00             ; CALL ?COMPILING (02b8)
0634: 09 5d 06 00 00             ; JMPZ 065d
0639: 06                         ; DUP
063a: 0e ff                      ; CLITERAL 255
063c: 17                         ; GT
063d: 09 51 06 00 00             ; JMPZ 0651
0642: 0b a4 00 00 00             ; CALL LITERAL (00a4)
0647: 0b 7b 00 00 00             ; CALL , (007b)
064c: 08 5d 06 00 00             ; JMP 065d
0651: 0e 0e                      ; CLITERAL 14
0653: 0b 68 00 00 00             ; CALL C, (0068)
0658: 0b 68 00 00 00             ; CALL C, (0068)
065d: 0c                         ; RET
065e: 06                         ; DUP
065f: 0b 1d 05 00 00             ; CALL find-word (051d)
0664: 09 8b 06 00 00             ; JMPZ 068b
0669: 04                         ; SWAP
066a: 05                         ; DROP
066b: 0e 04                      ; CLITERAL 4
066d: 11                         ; ADD
066e: 02                         ; FETCH
066f: 0b b8 02 00 00             ; CALL ?COMPILING (02b8)
0674: 09 89 06 00 00             ; JMPZ 0689
0679: 0b 08 01 00 00             ; CALL CALL (0108)
067e: 0b 7b 00 00 00             ; CALL , (007b)
0683: 05                         ; DROP
0684: 08 8a 06 00 00             ; JMP 068a
0689: 21                         ; DTOR
068a: 0c                         ; RET
068b: 0b 90 03 00 00             ; CALL COUNT (0390)
0690: 0b 9c 03 00 00             ; CALL TYPE (039c)
0695: 0e 3f                      ; CLITERAL 63
0697: 06                         ; DUP
0698: 19                         ; EMIT
0699: 19                         ; EMIT
069a: 0c                         ; RET
;
069b: 18 95 f7 00 00             ; DICTP >IN (f795)
06a0: 01 a6 06 00 00             ; LITERAL 1702 (6a6)
06a5: 0c                         ; RET
06a6: 00                         ; RESET
06a7: 00                         ; RESET
06a8: 00                         ; RESET
06a9: 00                         ; RESET
06aa: 0c                         ; RET
;
06ab: 18 7e f7 00 00             ; DICTP execute-line (f77e)
06b0: 0b 9b 06 00 00             ; CALL >IN (069b)
06b5: 02                         ; FETCH
06b6: 0b 93 04 00 00             ; CALL skip-ws (0493)
06bb: 0b 9b 06 00 00             ; CALL >IN (069b)
06c0: 03                         ; STORE
06c1: 0b 9b 06 00 00             ; CALL >IN (069b)
06c6: 02                         ; FETCH
06c7: 0f                         ; CFETCH
06c8: 09 e8 06 00 00             ; JMPZ 06e8
06cd: 0b 9b 06 00 00             ; CALL >IN (069b)
06d2: 02                         ; FETCH
06d3: 0b b7 04 00 00             ; CALL get-word (04b7)
06d8: 0b 9b 06 00 00             ; CALL >IN (069b)
06dd: 03                         ; STORE
06de: 0b 1d 06 00 00             ; CALL execute-word (061d)
06e3: 08 e9 06 00 00             ; JMP 06e9
06e8: 0c                         ; RET
06e9: 08 b0 06 00 00             ; JMP 06b0
06ee: 0c                         ; RET
;
06ef: 18 71 f7 00 00             ; DICTP ok (f771)
06f4: 0e 20                      ; CLITERAL 32
06f6: 02                         ; FETCH
06f7: 0e 00                      ; CLITERAL 0
06f9: 16                         ; EQ
06fa: 09 22 07 00 00             ; JMPZ 0722
06ff: 0b ca 03 00 00             ; CALL INPUT-FP (03ca)
0704: 02                         ; FETCH
0705: 0e 00                      ; CLITERAL 0
0707: 16                         ; EQ
0708: 09 22 07 00 00             ; JMPZ 0722
070d: 07 03 20 4f 6b 00          ; SLITERAL (070e) [ Ok]
0713: 0b 90 03 00 00             ; CALL COUNT (0390)
0718: 0b 9c 03 00 00             ; CALL TYPE (039c)
071d: 0b be 03 00 00             ; CALL CR (03be)
0722: 0c                         ; RET
;
0723: 18 5e f7 00 00             ; DICTP mainloop (f75e)
0728: 0e 00                      ; CLITERAL 0
072a: 0e 20                      ; CLITERAL 32
072c: 03                         ; STORE
072d: 0b ef 06 00 00             ; CALL ok (06ef)
0732: 0b 59 04 00 00             ; CALL get-line (0459)
0737: 06                         ; DUP
0738: 0f                         ; CFETCH
0739: 09 57 07 00 00             ; JMPZ 0757
073e: 06                         ; DUP
073f: 0b ff 03 00 00             ; CALL string-nullterm (03ff)
0744: 0e 01                      ; CLITERAL 1
0746: 11                         ; ADD
0747: 0b 9b 06 00 00             ; CALL >IN (069b)
074c: 03                         ; STORE
074d: 0b ab 06 00 00             ; CALL execute-line (06ab)
0752: 08 72 07 00 00             ; JMP 0772
0757: 05                         ; DROP
0758: 0b ca 03 00 00             ; CALL INPUT-FP (03ca)
075d: 02                         ; FETCH
075e: 09 72 07 00 00             ; JMPZ 0772
0763: 0b ca 03 00 00             ; CALL INPUT-FP (03ca)
0768: 02                         ; FETCH
0769: 20                         ; FCLOSE
076a: 0e 00                      ; CLITERAL 0
076c: 0b ca 03 00 00             ; CALL INPUT-FP (03ca)
0771: 03                         ; STORE
0772: 08 2d 07 00 00             ; JMP 072d
0777: 0c                         ; RET
;
0778: 18 4f f7 00 00             ; DICTP /MOD (f74f)
077d: 1a                         ; OVER
077e: 1a                         ; OVER
077f: 14                         ; DIV
0780: 06                         ; DUP
0781: 21                         ; DTOR
0782: 13                         ; MUL
0783: 12                         ; SUB
0784: 22                         ; RTOD
0785: 04                         ; SWAP
0786: 0c                         ; RET
;
0787: 18 41 f7 00 00             ; DICTP (.) (f741)
078c: 06                         ; DUP
078d: 0e 00                      ; CLITERAL 0
078f: 16                         ; EQ
0790: 09 9a 07 00 00             ; JMPZ 079a
0795: 05                         ; DROP
0796: 0e 30                      ; CLITERAL 48
0798: 19                         ; EMIT
0799: 0c                         ; RET
079a: 06                         ; DUP
079b: 0e 00                      ; CLITERAL 0
079d: 15                         ; LT
079e: 09 ad 07 00 00             ; JMPZ 07ad
07a3: 0e 00                      ; CLITERAL 0
07a5: 12                         ; SUB
07a6: 0e 01                      ; CLITERAL 1
07a8: 08 af 07 00 00             ; JMP 07af
07ad: 0e 00                      ; CLITERAL 0
07af: 21                         ; DTOR
07b0: 0e 00                      ; CLITERAL 0
07b2: 04                         ; SWAP
07b3: 06                         ; DUP
07b4: 09 d6 07 00 00             ; JMPZ 07d6
07b9: 0e 06                      ; CLITERAL 6
07bb: 0f                         ; CFETCH
07bc: 0b 78 07 00 00             ; CALL /MOD (0778)
07c1: 0e 30                      ; CLITERAL 48
07c3: 1a                         ; OVER
07c4: 0e 09                      ; CLITERAL 9
07c6: 17                         ; GT
07c7: 09 cf 07 00 00             ; JMPZ 07cf
07cc: 0e 07                      ; CLITERAL 7
07ce: 11                         ; ADD
07cf: 11                         ; ADD
07d0: 04                         ; SWAP
07d1: 08 f3 07 00 00             ; JMP 07f3
07d6: 05                         ; DROP
07d7: 22                         ; RTOD
07d8: 09 e0 07 00 00             ; JMPZ 07e0
07dd: 0e 2d                      ; CLITERAL 45
07df: 19                         ; EMIT
07e0: 06                         ; DUP
07e1: 09 ec 07 00 00             ; JMPZ 07ec
07e6: 19                         ; EMIT
07e7: 08 ee 07 00 00             ; JMP 07ee
07ec: 05                         ; DROP
07ed: 0c                         ; RET
07ee: 08 e0 07 00 00             ; JMP 07e0
07f3: 08 b3 07 00 00             ; JMP 07b3
07f8: 0c                         ; RET
;
07f9: 18 35 f7 00 00             ; DICTP . (f735)
07fe: 0e 20                      ; CLITERAL 32
0800: 19                         ; EMIT
0801: 0b 87 07 00 00             ; CALL (.) (0787)
0806: 0c                         ; RET
;
0807: 18 26 f7 00 00             ; DICTP main (f726)
080c: 07 06 48 65 6c 6c 6f 2e 00 ; SLITERAL (080d) [Hello.]
0815: 0b 90 03 00 00             ; CALL COUNT (0390)
081a: 0b 9c 03 00 00             ; CALL TYPE (039c)
081f: 0e 00                      ; CLITERAL 0
0821: 0b ca 03 00 00             ; CALL INPUT-FP (03ca)
0826: 03                         ; STORE
0827: 0e 14                      ; CLITERAL 20
0829: 02                         ; FETCH
082a: 0e 04                      ; CLITERAL 4
082c: 11                         ; ADD
082d: 02                         ; FETCH
082e: 0e 01                      ; CLITERAL 1
0830: 03                         ; STORE
0831: 0b 23 07 00 00             ; CALL mainloop (0723)
0836: 0c                         ; RET
;
0837: 18 0b f7 00 00             ; DICTP reset-data-stack (f70b)
083c: 26                         ; DEPTH
083d: 09 48 08 00 00             ; JMPZ 0848
0842: 05                         ; DROP
0843: 08 49 08 00 00             ; JMP 0849
0848: 0c                         ; RET
0849: 08 3c 08 00 00             ; JMP 083c
084e: 0c                         ; RET
;
084f: 18 fa f6 00 00             ; DICTP RDEPTH (f6fa)
0854: 0e 00                      ; CLITERAL 0
0856: 0c                         ; RET
;
0857: 18 dd f6 00 00             ; DICTP reset-return-stack (f6dd)
085c: 22                         ; RTOD
085d: 0b 4f 08 00 00             ; CALL RDEPTH (084f)
0862: 09 6e 08 00 00             ; JMPZ 086e
0867: 22                         ; RTOD
0868: 05                         ; DROP
0869: 08 70 08 00 00             ; JMP 0870
086e: 21                         ; DTOR
086f: 0c                         ; RET
0870: 08 5d 08 00 00             ; JMP 085d
0875: 0c                         ; RET
;
0876: 18 c9 f6 00 00             ; DICTP exception (f6c9)
087b: 07 0d 20 28 65 78 63 65 70 74 69 6f 6e 29 20 00 ; SLITERAL (087c) [ (exception) ]
088b: 0b 90 03 00 00             ; CALL COUNT (0390)
0890: 0b 9c 03 00 00             ; CALL TYPE (039c)
0895: 0e 00                      ; CLITERAL 0
0897: 0e 20                      ; CLITERAL 32
0899: 03                         ; STORE
089a: 0b 37 08 00 00             ; CALL reset-data-stack (0837)
089f: 0b 57 08 00 00             ; CALL reset-return-stack (0857)
08a4: 0b 23 07 00 00             ; CALL mainloop (0723)
08a9: 0c                         ; RET
;
; End of code, Dictionary:
;
f6c9: dd f6 00 00                ; exception - (next: f6dd reset-return-stack)
f6cd: 76 08 00 00 00             ; XT=0876, flags=00
f6d2: 09 65 78 63 65 70 74 69 6f 6e 00 ; 9, exception
;
f6dd: fa f6 00 00                ; reset-return-stack - (next: f6fa RDEPTH)
f6e1: 57 08 00 00 00             ; XT=0857, flags=00
f6e6: 12 72 65 73 65 74 2d 72 65 74 75 72 6e 2d 73 74 61 63 6b 00 ; 18, reset-return-stack
;
f6fa: 0b f7 00 00                ; RDEPTH - (next: f70b reset-data-stack)
f6fe: 4f 08 00 00 00             ; XT=084f, flags=00
f703: 06 52 44 45 50 54 48 00    ; 6, RDEPTH
;
f70b: 26 f7 00 00                ; reset-data-stack - (next: f726 main)
f70f: 37 08 00 00 00             ; XT=0837, flags=00
f714: 10 72 65 73 65 74 2d 64 61 74 61 2d 73 74 61 63 6b 00 ; 16, reset-data-stack
;
f726: 35 f7 00 00                ; main - (next: f735 .)
f72a: 07 08 00 00 00             ; XT=0807, flags=00
f72f: 04 6d 61 69 6e 00          ; 4, main
;
f735: 41 f7 00 00                ; . - (next: f741 (.))
f739: f9 07 00 00 00             ; XT=07f9, flags=00
f73e: 01 2e 00                   ; 1, .
;
f741: 4f f7 00 00                ; (.) - (next: f74f /MOD)
f745: 87 07 00 00 00             ; XT=0787, flags=00
f74a: 03 28 2e 29 00             ; 3, (.)
;
f74f: 5e f7 00 00                ; /MOD - (next: f75e mainloop)
f753: 78 07 00 00 00             ; XT=0778, flags=00
f758: 04 2f 4d 4f 44 00          ; 4, /MOD
;
f75e: 71 f7 00 00                ; mainloop - (next: f771 ok)
f762: 23 07 00 00 00             ; XT=0723, flags=00
f767: 08 6d 61 69 6e 6c 6f 6f 70 00 ; 8, mainloop
;
f771: 7e f7 00 00                ; ok - (next: f77e execute-line)
f775: ef 06 00 00 00             ; XT=06ef, flags=00
f77a: 02 6f 6b 00                ; 2, ok
;
f77e: 95 f7 00 00                ; execute-line - (next: f795 >IN)
f782: ab 06 00 00 00             ; XT=06ab, flags=00
f787: 0c 65 78 65 63 75 74 65 2d 6c 69 6e 65 00 ; 12, execute-line
;
f795: a3 f7 00 00                ; >IN - (next: f7a3 execute-word)
f799: 9b 06 00 00 00             ; XT=069b, flags=00
f79e: 03 3e 49 4e 00             ; 3, >IN
;
f7a3: ba f7 00 00                ; execute-word - (next: f7ba is-number?)
f7a7: 1d 06 00 00 00             ; XT=061d, flags=00
f7ac: 0c 65 78 65 63 75 74 65 2d 77 6f 72 64 00 ; 12, execute-word
;
f7ba: cf f7 00 00                ; is-number? - (next: f7cf is-num-char?)
f7be: b2 05 00 00 00             ; XT=05b2, flags=00
f7c3: 0a 69 73 2d 6e 75 6d 62 65 72 3f 00 ; 10, is-number?
;
f7cf: e6 f7 00 00                ; is-num-char? - (next: f7e6 find-word)
f7d3: 5f 05 00 00 00             ; XT=055f, flags=00
f7d8: 0c 69 73 2d 6e 75 6d 2d 63 68 61 72 3f 00 ; 12, is-num-char?
;
f7e6: fa f7 00 00                ; find-word - (next: f7fa DICT>NAME)
f7ea: 1d 05 00 00 00             ; XT=051d, flags=00
f7ef: 09 66 69 6e 64 2d 77 6f 72 64 00 ; 9, find-word
;
f7fa: 0e f8 00 00                ; DICT>NAME - (next: f80e DICT>FLAGS)
f7fe: 0e 05 00 00 02             ; XT=050e, flags=02
f803: 09 44 49 43 54 3e 4e 41 4d 45 00 ; 9, DICT>NAME
;
f80e: 23 f8 00 00                ; DICT>FLAGS - (next: f823 DICT>XT)
f812: 02 05 00 00 02             ; XT=0502, flags=02
f817: 0a 44 49 43 54 3e 46 4c 41 47 53 00 ; 10, DICT>FLAGS
;
f823: 35 f8 00 00                ; DICT>XT - (next: f835 DICT>NEXT)
f827: f9 04 00 00 02             ; XT=04f9, flags=02
f82c: 07 44 49 43 54 3e 58 54 00 ; 7, DICT>XT
;
f835: 49 f8 00 00                ; DICT>NEXT - (next: f849 get-word)
f839: f3 04 00 00 02             ; XT=04f3, flags=02
f83e: 09 44 49 43 54 3e 4e 45 58 54 00 ; 9, DICT>NEXT
;
f849: 5c f8 00 00                ; get-word - (next: f85c skip-ws)
f84d: b7 04 00 00 00             ; XT=04b7, flags=00
f852: 08 67 65 74 2d 77 6f 72 64 00 ; 8, get-word
;
f85c: 6e f8 00 00                ; skip-ws - (next: f86e BETWEEN)
f860: 93 04 00 00 00             ; XT=0493, flags=00
f865: 07 73 6b 69 70 2d 77 73 00 ; 7, skip-ws
;
f86e: 80 f8 00 00                ; BETWEEN - (next: f880 get-line)
f872: 7b 04 00 00 00             ; XT=047b, flags=00
f877: 07 42 45 54 57 45 45 4e 00 ; 7, BETWEEN
;
f880: 93 f8 00 00                ; get-line - (next: f893 stdin-getline)
f884: 59 04 00 00 00             ; XT=0459, flags=00
f889: 08 67 65 74 2d 6c 69 6e 65 00 ; 8, get-line
;
f893: ab f8 00 00                ; stdin-getline - (next: f8ab file-getLine)
f897: 2a 04 00 00 00             ; XT=042a, flags=00
f89c: 0d 73 74 64 69 6e 2d 67 65 74 6c 69 6e 65 00 ; 13, stdin-getline
;
f8ab: c2 f8 00 00                ; file-getLine - (next: f8c2 string-nullterm)
f8af: 0f 04 00 00 00             ; XT=040f, flags=00
f8b4: 0c 66 69 6c 65 2d 67 65 74 4c 69 6e 65 00 ; 12, file-getLine
;
f8c2: dc f8 00 00                ; string-nullterm - (next: f8dc string-catc)
f8c6: ff 03 00 00 00             ; XT=03ff, flags=00
f8cb: 0f 73 74 72 69 6e 67 2d 6e 75 6c 6c 74 65 72 6d 00 ; 15, string-nullterm
;
f8dc: f2 f8 00 00                ; string-catc - (next: f8f2 PAD)
f8e0: e9 03 00 00 00             ; XT=03e9, flags=00
f8e5: 0b 73 74 72 69 6e 67 2d 63 61 74 63 00 ; 11, string-catc
;
f8f2: 00 f9 00 00                ; PAD - (next: f900 INPUT-FP)
f8f6: da 03 00 00 00             ; XT=03da, flags=00
f8fb: 03 50 41 44 00             ; 3, PAD
;
f900: 13 f9 00 00                ; INPUT-FP - (next: f913 CR)
f904: ca 03 00 00 00             ; XT=03ca, flags=00
f909: 08 49 4e 50 55 54 2d 46 50 00 ; 8, INPUT-FP
;
f913: 20 f9 00 00                ; CR - (next: f920 TYPE)
f917: be 03 00 00 00             ; XT=03be, flags=00
f91c: 02 43 52 00                ; 2, CR
;
f920: 2f f9 00 00                ; TYPE - (next: f92f COUNT)
f924: 9c 03 00 00 00             ; XT=039c, flags=00
f929: 04 54 59 50 45 00          ; 4, TYPE
;
f92f: 3f f9 00 00                ; COUNT - (next: f93f LEAVE)
f933: 90 03 00 00 00             ; XT=0390, flags=00
f938: 05 43 4f 55 4e 54 00       ; 5, COUNT
;
f93f: 4f f9 00 00                ; LEAVE - (next: f94f UNTIL)
f943: 7b 03 00 00 01             ; XT=037b, flags=01
f948: 05 4c 45 41 56 45 00       ; 5, LEAVE
;
f94f: 5f f9 00 00                ; UNTIL - (next: f95f WHILE)
f953: 61 03 00 00 01             ; XT=0361, flags=01
f958: 05 55 4e 54 49 4c 00       ; 5, UNTIL
;
f95f: 6f f9 00 00                ; WHILE - (next: f96f AGAIN)
f963: 47 03 00 00 01             ; XT=0347, flags=01
f968: 05 57 48 49 4c 45 00       ; 5, WHILE
;
f96f: 7f f9 00 00                ; AGAIN - (next: f97f BEGIN)
f973: 2d 03 00 00 01             ; XT=032d, flags=01
f978: 05 41 47 41 49 4e 00       ; 5, AGAIN
;
f97f: 8f f9 00 00                ; BEGIN - (next: f98f THEN)
f983: 1a 03 00 00 01             ; XT=031a, flags=01
f988: 05 42 45 47 49 4e 00       ; 5, BEGIN
;
f98f: 9e f9 00 00                ; THEN - (next: f99e ELSE)
f993: 05 03 00 00 01             ; XT=0305, flags=01
f998: 04 54 48 45 4e 00          ; 4, THEN
;
f99e: ad f9 00 00                ; ELSE - (next: f9ad IF)
f9a2: e0 02 00 00 01             ; XT=02e0, flags=01
f9a7: 04 45 4c 53 45 00          ; 4, ELSE
;
f9ad: ba f9 00 00                ; IF - (next: f9ba ?COMPILING)
f9b1: c1 02 00 00 01             ; XT=02c1, flags=01
f9b6: 02 49 46 00                ; 2, IF
;
f9ba: cf f9 00 00                ; ?COMPILING - (next: f9cf -ROT)
f9be: b8 02 00 00 00             ; XT=02b8, flags=00
f9c3: 0a 3f 43 4f 4d 50 49 4c 49 4e 47 00 ; 10, ?COMPILING
;
f9cf: de f9 00 00                ; -ROT - (next: f9de ROT)
f9d3: ae 02 00 00 02             ; XT=02ae, flags=02
f9d8: 04 2d 52 4f 54 00          ; 4, -ROT
;
f9de: ec f9 00 00                ; ROT - (next: f9ec NIP)
f9e2: a4 02 00 00 02             ; XT=02a4, flags=02
f9e7: 03 52 4f 54 00             ; 3, ROT
;
f9ec: fa f9 00 00                ; NIP - (next: f9fa TUCK)
f9f0: 9c 02 00 00 02             ; XT=029c, flags=02
f9f5: 03 4e 49 50 00             ; 3, NIP
;
f9fa: 09 fa 00 00                ; TUCK - (next: fa09 2DROP)
f9fe: 94 02 00 00 02             ; XT=0294, flags=02
fa03: 04 54 55 43 4b 00          ; 4, TUCK
;
fa09: 19 fa 00 00                ; 2DROP - (next: fa19 2DUP)
fa0d: 8c 02 00 00 02             ; XT=028c, flags=02
fa12: 05 32 44 52 4f 50 00       ; 5, 2DROP
;
fa19: 28 fa 00 00                ; 2DUP - (next: fa28 RDROP)
fa1d: 84 02 00 00 02             ; XT=0284, flags=02
fa22: 04 32 44 55 50 00          ; 4, 2DUP
;
fa28: 38 fa 00 00                ; RDROP - (next: fa38 R@)
fa2c: 7c 02 00 00 02             ; XT=027c, flags=02
fa31: 05 52 44 52 4f 50 00       ; 5, RDROP
;
fa38: 45 fa 00 00                ; R@ - (next: fa45 HERE)
fa3c: 73 02 00 00 02             ; XT=0273, flags=02
fa41: 02 52 40 00                ; 2, R@
;
fa45: 54 fa 00 00                ; HERE - (next: fa54 LAST)
fa49: 6a 02 00 00 02             ; XT=026a, flags=02
fa4e: 04 48 45 52 45 00          ; 4, HERE
;
fa54: 63 fa 00 00                ; LAST - (next: fa63 FLAG_INLINE)
fa58: 61 02 00 00 02             ; XT=0261, flags=02
fa5d: 04 4c 41 53 54 00          ; 4, LAST
;
fa63: 79 fa 00 00                ; FLAG_INLINE - (next: fa79 FLAG_IMMEDIATE)
fa67: 59 02 00 00 02             ; XT=0259, flags=02
fa6c: 0b 46 4c 41 47 5f 49 4e 4c 49 4e 45 00 ; 11, FLAG_INLINE
;
fa79: 92 fa 00 00                ; FLAG_IMMEDIATE - (next: fa92 CELLS)
fa7d: 51 02 00 00 02             ; XT=0251, flags=02
fa82: 0e 46 4c 41 47 5f 49 4d 4d 45 44 49 41 54 45 00 ; 14, FLAG_IMMEDIATE
;
fa92: a2 fa 00 00                ; CELLS - (next: faa2 IMMEDIATE)
fa96: 48 02 00 00 02             ; XT=0248, flags=02
fa9b: 05 43 45 4c 4c 53 00       ; 5, CELLS
;
faa2: b6 fa 00 00                ; IMMEDIATE - (next: fab6 INLINE)
faa6: 32 02 00 00 00             ; XT=0232, flags=00
faab: 09 49 4d 4d 45 44 49 41 54 45 00 ; 9, IMMEDIATE
;
fab6: c7 fa 00 00                ; INLINE - (next: fac7 BYE)
faba: 1c 02 00 00 00             ; XT=021c, flags=00
fabf: 06 49 4e 4c 49 4e 45 00    ; 6, INLINE
;
fac7: d5 fa 00 00                ; BYE - (next: fad5 RESET)
facb: 15 02 00 00 02             ; XT=0215, flags=02
fad0: 03 42 59 45 00             ; 3, BYE
;
fad5: e5 fa 00 00                ; RESET - (next: fae5 BREAK)
fad9: 0e 02 00 00 02             ; XT=020e, flags=02
fade: 05 52 45 53 45 54 00       ; 5, RESET
;
fae5: f5 fa 00 00                ; BREAK - (next: faf5 USPOP)
fae9: 07 02 00 00 02             ; XT=0207, flags=02
faee: 05 42 52 45 41 4b 00       ; 5, BREAK
;
faf5: 05 fb 00 00                ; USPOP - (next: fb05 USPUSH)
faf9: 00 02 00 00 02             ; XT=0200, flags=02
fafe: 05 55 53 50 4f 50 00       ; 5, USPOP
;
fb05: 16 fb 00 00                ; USPUSH - (next: fb16 USINIT)
fb09: f9 01 00 00 02             ; XT=01f9, flags=02
fb0e: 06 55 53 50 55 53 48 00    ; 6, USPUSH
;
fb16: 27 fb 00 00                ; USINIT - (next: fb27 COMPAREI)
fb1a: f2 01 00 00 02             ; XT=01f2, flags=02
fb1f: 06 55 53 49 4e 49 54 00    ; 6, USINIT
;
fb27: 3a fb 00 00                ; COMPAREI - (next: fb3a GETCH)
fb2b: eb 01 00 00 02             ; XT=01eb, flags=02
fb30: 08 43 4f 4d 50 41 52 45 49 00 ; 8, COMPAREI
;
fb3a: 4a fb 00 00                ; GETCH - (next: fb4a DEPTH)
fb3e: e4 01 00 00 02             ; XT=01e4, flags=02
fb43: 05 47 45 54 43 48 00       ; 5, GETCH
;
fb4a: 5a fb 00 00                ; DEPTH - (next: fb5a PICK)
fb4e: dd 01 00 00 02             ; XT=01dd, flags=02
fb53: 05 44 45 50 54 48 00       ; 5, DEPTH
;
fb5a: 69 fb 00 00                ; PICK - (next: fb69 AND)
fb5e: d6 01 00 00 02             ; XT=01d6, flags=02
fb63: 04 50 49 43 4b 00          ; 4, PICK
;
fb69: 77 fb 00 00                ; AND - (next: fb77 LOGLEVEL)
fb6d: cf 01 00 00 02             ; XT=01cf, flags=02
fb72: 03 41 4e 44 00             ; 3, AND
;
fb77: 8a fb 00 00                ; LOGLEVEL - (next: fb8a R>)
fb7b: c8 01 00 00 02             ; XT=01c8, flags=02
fb80: 08 4c 4f 47 4c 45 56 45 4c 00 ; 8, LOGLEVEL
;
fb8a: 97 fb 00 00                ; R> - (next: fb97 >R)
fb8e: c1 01 00 00 02             ; XT=01c1, flags=02
fb93: 02 52 3e 00                ; 2, R>
;
fb97: a4 fb 00 00                ; >R - (next: fba4 FCLOSE)
fb9b: ba 01 00 00 02             ; XT=01ba, flags=02
fba0: 02 3e 52 00                ; 2, >R
;
fba4: b5 fb 00 00                ; FCLOSE - (next: fbb5 FWRITE)
fba8: b3 01 00 00 02             ; XT=01b3, flags=02
fbad: 06 46 43 4c 4f 53 45 00    ; 6, FCLOSE
;
fbb5: c6 fb 00 00                ; FWRITE - (next: fbc6 FREADLINE)
fbb9: ac 01 00 00 02             ; XT=01ac, flags=02
fbbe: 06 46 57 52 49 54 45 00    ; 6, FWRITE
;
fbc6: da fb 00 00                ; FREADLINE - (next: fbda FREAD)
fbca: a5 01 00 00 02             ; XT=01a5, flags=02
fbcf: 09 46 52 45 41 44 4c 49 4e 45 00 ; 9, FREADLINE
;
fbda: ea fb 00 00                ; FREAD - (next: fbea FOPEN)
fbde: 9e 01 00 00 02             ; XT=019e, flags=02
fbe3: 05 46 52 45 41 44 00       ; 5, FREAD
;
fbea: fa fb 00 00                ; FOPEN - (next: fbfa COMPARE)
fbee: 97 01 00 00 02             ; XT=0197, flags=02
fbf3: 05 46 4f 50 45 4e 00       ; 5, FOPEN
;
fbfa: 0c fc 00 00                ; COMPARE - (next: fc0c OVER)
fbfe: 90 01 00 00 02             ; XT=0190, flags=02
fc03: 07 43 4f 4d 50 41 52 45 00 ; 7, COMPARE
;
fc0c: 1b fc 00 00                ; OVER - (next: fc1b EMIT)
fc10: 89 01 00 00 02             ; XT=0189, flags=02
fc15: 04 4f 56 45 52 00          ; 4, OVER
;
fc1b: 2a fc 00 00                ; EMIT - (next: fc2a DICTP)
fc1f: 82 01 00 00 02             ; XT=0182, flags=02
fc24: 04 45 4d 49 54 00          ; 4, EMIT
;
fc2a: 3a fc 00 00                ; DICTP - (next: fc3a >)
fc2e: 75 01 00 00 02             ; XT=0175, flags=02
fc33: 05 44 49 43 54 50 00       ; 5, DICTP
;
fc3a: 46 fc 00 00                ; > - (next: fc46 =)
fc3e: 6e 01 00 00 02             ; XT=016e, flags=02
fc43: 01 3e 00                   ; 1, >
;
fc46: 52 fc 00 00                ; = - (next: fc52 <)
fc4a: 67 01 00 00 02             ; XT=0167, flags=02
fc4f: 01 3d 00                   ; 1, =
;
fc52: 5e fc 00 00                ; < - (next: fc5e /)
fc56: 60 01 00 00 02             ; XT=0160, flags=02
fc5b: 01 3c 00                   ; 1, <
;
fc5e: 6a fc 00 00                ; / - (next: fc6a *)
fc62: 59 01 00 00 02             ; XT=0159, flags=02
fc67: 01 2f 00                   ; 1, /
;
fc6a: 76 fc 00 00                ; * - (next: fc76 -)
fc6e: 52 01 00 00 02             ; XT=0152, flags=02
fc73: 01 2a 00                   ; 1, *
;
fc76: 82 fc 00 00                ; - - (next: fc82 +)
fc7a: 4b 01 00 00 02             ; XT=014b, flags=02
fc7f: 01 2d 00                   ; 1, -
;
fc82: 8e fc 00 00                ; + - (next: fc8e C!)
fc86: 44 01 00 00 02             ; XT=0144, flags=02
fc8b: 01 2b 00                   ; 1, +
;
fc8e: 9b fc 00 00                ; C! - (next: fc9b C@)
fc92: 3d 01 00 00 02             ; XT=013d, flags=02
fc97: 02 43 21 00                ; 2, C!
;
fc9b: a8 fc 00 00                ; C@ - (next: fca8 CLITERAL)
fc9f: 36 01 00 00 02             ; XT=0136, flags=02
fca4: 02 43 40 00                ; 2, C@
;
fca8: bb fc 00 00                ; CLITERAL - (next: fcbb OR)
fcac: 29 01 00 00 02             ; XT=0129, flags=02
fcb1: 08 43 4c 49 54 45 52 41 4c 00 ; 8, CLITERAL
;
fcbb: c8 fc 00 00                ; OR - (next: fcc8 RET)
fcbf: 22 01 00 00 02             ; XT=0122, flags=02
fcc4: 02 4f 52 00                ; 2, OR
;
fcc8: d6 fc 00 00                ; RET - (next: fcd6 CALL)
fccc: 15 01 00 00 00             ; XT=0115, flags=00
fcd1: 03 52 45 54 00             ; 3, RET
;
fcd6: e5 fc 00 00                ; CALL - (next: fce5 JMPNZ)
fcda: 08 01 00 00 00             ; XT=0108, flags=00
fcdf: 04 43 41 4c 4c 00          ; 4, CALL
;
fce5: f5 fc 00 00                ; JMPNZ - (next: fcf5 JMPZ)
fce9: fb 00 00 00 00             ; XT=00fb, flags=00
fcee: 05 4a 4d 50 4e 5a 00       ; 5, JMPNZ
;
fcf5: 04 fd 00 00                ; JMPZ - (next: fd04 JMP)
fcf9: ee 00 00 00 00             ; XT=00ee, flags=00
fcfe: 04 4a 4d 50 5a 00          ; 4, JMPZ
;
fd04: 12 fd 00 00                ; JMP - (next: fd12 SLITERAL)
fd08: e1 00 00 00 00             ; XT=00e1, flags=00
fd0d: 03 4a 4d 50 00             ; 3, JMP
;
fd12: 25 fd 00 00                ; SLITERAL - (next: fd25 DUP)
fd16: d4 00 00 00 00             ; XT=00d4, flags=00
fd1b: 08 53 4c 49 54 45 52 41 4c 00 ; 8, SLITERAL
;
fd25: 33 fd 00 00                ; DUP - (next: fd33 DROP)
fd29: cd 00 00 00 02             ; XT=00cd, flags=02
fd2e: 03 44 55 50 00             ; 3, DUP
;
fd33: 42 fd 00 00                ; DROP - (next: fd42 SWAP)
fd37: c6 00 00 00 02             ; XT=00c6, flags=02
fd3c: 04 44 52 4f 50 00          ; 4, DROP
;
fd42: 51 fd 00 00                ; SWAP - (next: fd51 !)
fd46: bf 00 00 00 02             ; XT=00bf, flags=02
fd4b: 04 53 57 41 50 00          ; 4, SWAP
;
fd51: 5d fd 00 00                ; ! - (next: fd5d @)
fd55: b8 00 00 00 02             ; XT=00b8, flags=02
fd5a: 01 21 00                   ; 1, !
;
fd5d: 69 fd 00 00                ; @ - (next: fd69 LITERAL)
fd61: b1 00 00 00 02             ; XT=00b1, flags=02
fd66: 01 40 00                   ; 1, @
;
fd69: 7b fd 00 00                ; LITERAL - (next: fd7b ])
fd6d: a4 00 00 00 00             ; XT=00a4, flags=00
fd72: 07 4c 49 54 45 52 41 4c 00 ; 7, LITERAL
;
fd7b: 87 fd 00 00                ; ] - (next: fd87 [)
fd7f: 99 00 00 00 01             ; XT=0099, flags=01
fd84: 01 5d 00                   ; 1, ]
;
fd87: 93 fd 00 00                ; [ - (next: fd93 ,)
fd8b: 8e 00 00 00 01             ; XT=008e, flags=01
fd90: 01 5b 00                   ; 1, [
;
fd93: 9f fd 00 00                ; , - (next: fd9f C,)
fd97: 7b 00 00 00 00             ; XT=007b, flags=00
fd9c: 01 2c 00                   ; 1, ,
;
fd9f: ac fd 00 00                ; C, - (next: fdac STATE)
fda3: 68 00 00 00 00             ; XT=0068, flags=00
fda8: 02 43 2c 00                ; 2, C,
;
fdac: bc fd 00 00                ; STATE - (next: fdbc BASE)
fdb0: 60 00 00 00 02             ; XT=0060, flags=02
fdb5: 05 53 54 41 54 45 00       ; 5, STATE
;
fdbc: cb fd 00 00                ; BASE - (next: fdcb CELL)
fdc0: 58 00 00 00 02             ; XT=0058, flags=02
fdc5: 04 42 41 53 45 00          ; 4, BASE
;
fdcb: da fd 00 00                ; CELL - (next: fdda (LAST))
fdcf: 50 00 00 00 02             ; XT=0050, flags=02
fdd4: 04 43 45 4c 4c 00          ; 4, CELL
;
fdda: eb fd 00 00                ; (LAST) - (next: fdeb (HERE))
fdde: 48 00 00 00 02             ; XT=0048, flags=02
fde3: 06 28 4c 41 53 54 29 00    ; 6, (LAST)
;
fdeb: fc fd 00 00                ; (HERE) - (next: fdfc <end>)
fdef: 40 00 00 00 02             ; XT=0040, flags=02
fdf4: 06 28 48 45 52 45 29 00    ; 6, (HERE)
;
fdfc: 00 00 00 00                ; End.
